RUN	Runner.TDG_UKAF_Externalize	tdg-ukaf-externalize	1702892778118	 	3.7.4
USER	getuser	START	1702892778489
USER	getuser	START	1702892778302
USER	getuser	START	1702892778634
USER	getuser	START	1702892778324
USER	getuser	START	1702892778411
USER	getuser	START	1702892778538
USER	getuser	START	1702892779824
USER	getuser	START	1702892779829
USER	getuser	START	1702892779833
USER	getuser	START	1702892779824
USER	getuser	START	1702892779848
USER	getuser	START	1702892779861
USER	getuser	START	1702892779825
USER	getuser	START	1702892779824
USER	getuser	START	1702892779874
USER	getuser	START	1702892779882
USER	getuser	START	1702892779825
USER	getuser	START	1702892778468
USER	getuser	START	1702892779925
USER	getuser	START	1702892779930
USER	getuser	START	1702892779824
USER	getuser	START	1702892779921
USER	getuser	START	1702892779932
USER	getuser	START	1702892779923
USER	getuser	START	1702892779937
USER	getuser	START	1702892779945
USER	getuser	START	1702892779942
USER	getuser	START	1702892779943
USER	getuser	START	1702892778586
USER	getuser	START	1702892779947
USER	getuser	START	1702892779951
USER	getuser	START	1702892779953
USER	getuser	START	1702892779956
USER	getuser	START	1702892779961
USER	getuser	START	1702892779982
USER	getuser	START	1702892780065
USER	getuser	START	1702892780104
USER	getuser	START	1702892780144
USER	getuser	START	1702892780183
USER	getuser	START	1702892780231
USER	getuser	START	1702892780284
USER	getuser	START	1702892780322
USER	getuser	START	1702892780386
USER	getuser	START	1702892780417
USER	getuser	START	1702892780470
USER	getuser	START	1702892780524
USER	getuser	START	1702892780574
USER	getuser	START	1702892780627
USER	getuser	START	1702892780677
USER	getuser	START	1702892780724
USER	getuser	START	1702892780787
USER	getuser	START	1702892780824
USER	getuser	START	1702892780882
USER	getuser	START	1702892780929
USER	getuser	START	1702892780981
USER	getuser	START	1702892781026
USER	getuser	START	1702892781075
USER	getuser	START	1702892781139
USER	getuser	START	1702892781215
USER	getuser	START	1702892781335
USER	getuser	START	1702892781334
USER	getuser	START	1702892781368
USER	getuser	START	1702892781418
USER	getuser	START	1702892781471
USER	getuser	START	1702892781518
USER	getuser	START	1702892781511
USER	getuser	START	1702892781735
USER	getuser	START	1702892781736
USER	getuser	START	1702892781735
USER	getuser	START	1702892781735
USER	getuser	START	1702892781818
USER	getuser	START	1702892781863
USER	getuser	START	1702892781973
USER	getuser	START	1702892781948
USER	getuser	START	1702892782148
USER	getuser	START	1702892782354
USER	getuser	START	1702892782471
USER	getuser	START	1702892782147
USER	getuser	START	1702892782504
USER	getuser	START	1702892782510
USER	getuser	START	1702892782515
USER	getuser	START	1702892782357
USER	getuser	START	1702892782535
USER	getuser	START	1702892782542
USER	getuser	START	1702892782146
USER	getuser	START	1702892782612
USER	getuser	START	1702892782678
USER	getuser	START	1702892782679
USER	getuser	START	1702892782799
USER	getuser	START	1702892782817
USER	getuser	START	1702892782802
USER	getuser	START	1702892782874
USER	getuser	START	1702892783161
USER	getuser	START	1702892783165
USER	getuser	START	1702892783167
USER	getuser	START	1702892783177
USER	getuser	START	1702892783178
USER	getuser	START	1702892783182
USER	getuser	START	1702892783279
USER	getuser	START	1702892783298
USER	getuser	START	1702892783304
USER	getuser	START	1702892783341
USER	getuser	START	1702892783401
USER	getuser	START	1702892783430
USER	getuser	START	1702892783485
REQUEST		POST /auth/getToken	1702892785214	1702892785516	OK	 
REQUEST		POST /auth/getToken	1702892785229	1702892785516	OK	 
REQUEST		POST /auth/getToken	1702892785230	1702892785516	OK	 
REQUEST		POST /auth/getToken	1702892785207	1702892785532	OK	 
REQUEST		POST /auth/getToken	1702892785217	1702892785516	OK	 
REQUEST		POST /auth/getToken	1702892785207	1702892785533	OK	 
REQUEST		POST /auth/getToken	1702892785216	1702892785516	OK	 
REQUEST		POST /auth/getToken	1702892785214	1702892785516	OK	 
REQUEST		POST /auth/getToken	1702892785226	1702892785517	OK	 
REQUEST		POST /elasticsearch/insertDoc	1702892785754	1702892785962	OK	 
REQUEST		POST /auth/getToken	1702892785218	1702892785591	OK	 
REQUEST		POST /auth/getToken	1702892785229	1702892785590	OK	 
REQUEST		POST /auth/getToken	1702892785219	1702892785957	OK	 
REQUEST		POST /auth/getToken	1702892785226	1702892785583	OK	 
REQUEST		POST /elasticsearch/insertDoc	1702892785956	1702892786173	OK	 
REQUEST		POST /elasticsearch/insertDoc	1702892785963	1702892786137	OK	 
REQUEST		POST /elasticsearch/insertDoc	1702892785906	1702892786091	OK	 
REQUEST		POST /auth/getToken	1702892785217	1702892785581	OK	 
REQUEST		POST /auth/getToken	1702892785225	1702892785562	OK	 
REQUEST		POST /auth/getToken	1702892785226	1702892785571	OK	 
REQUEST		POST /auth/getToken	1702892785218	1702892785554	OK	 
REQUEST		POST /auth/getToken	1702892785219	1702892785552	OK	 
REQUEST		POST /auth/getToken	1702892785225	1702892785545	OK	 
REQUEST		POST /auth/getToken	1702892785222	1702892785548	OK	 
REQUEST		POST /auth/getToken	1702892785218	1702892785522	OK	 
REQUEST		POST /auth/getToken	1702892785210	1702892785523	OK	 
REQUEST		POST /auth/getToken	1702892785230	1702892785571	OK	 
REQUEST		POST /elasticsearch/insertDoc	1702892785897	1702892786073	OK	 
REQUEST		POST /elasticsearch/insertDoc	1702892785657	1702892785855	OK	 
USER	getuser	END	1702892786021
USER	getuser	END	1702892786187
USER	getuser	END	1702892786188
USER	getuser	START	1702892786451
USER	getuser	START	1702892786451
USER	getuser	START	1702892786455
USER	getuser	START	1702892786454
USER	getuser	START	1702892786459
USER	getuser	START	1702892786471
USER	getuser	START	1702892786474
USER	getuser	START	1702892786532
USER	getuser	START	1702892786532
USER	getuser	START	1702892786533
USER	getuser	START	1702892786542
USER	getuser	START	1702892786545
USER	getuser	START	1702892786545
USER	getuser	START	1702892786548
USER	getuser	START	1702892786551
USER	getuser	START	1702892786555
REQUEST		POST /elasticsearch/insertDoc	1702892785670	1702892785854	OK	 
USER	getuser	START	1702892786582
USER	getuser	START	1702892786596
USER	getuser	START	1702892786621
USER	getuser	START	1702892786624
USER	getuser	START	1702892786626
USER	getuser	START	1702892786633
USER	getuser	START	1702892786635
USER	getuser	START	1702892786638
USER	getuser	START	1702892786655
USER	getuser	START	1702892786655
USER	getuser	START	1702892786666
USER	getuser	START	1702892786668
USER	getuser	START	1702892786669
USER	getuser	START	1702892786670
USER	getuser	START	1702892786671
USER	getuser	START	1702892786674
USER	getuser	START	1702892786672
USER	getuser	START	1702892786678
USER	getuser	START	1702892786681
USER	getuser	START	1702892786682
USER	getuser	START	1702892786684
USER	getuser	START	1702892786684
USER	getuser	START	1702892786687
USER	getuser	START	1702892786688
USER	getuser	START	1702892786691
USER	getuser	START	1702892786694
USER	getuser	START	1702892786698
USER	getuser	START	1702892786698
USER	getuser	START	1702892786701
USER	getuser	START	1702892786702
USER	getuser	START	1702892786705
USER	getuser	START	1702892786712
USER	getuser	START	1702892786717
REQUEST		POST /auth/getToken	1702892785217	1702892786443	OK	 
USER	getuser	START	1702892786744
USER	getuser	START	1702892786744
USER	getuser	START	1702892786746
USER	getuser	START	1702892786746
USER	getuser	START	1702892786746
USER	getuser	START	1702892786748
USER	getuser	START	1702892786748
USER	getuser	START	1702892786751
USER	getuser	START	1702892786752
USER	getuser	START	1702892786753
REQUEST		POST /elasticsearch/insertDoc	1702892785652	1702892785850	OK	 
REQUEST		POST /elasticsearch/insertDoc	1702892785642	1702892785837	OK	 
REQUEST		POST /elasticsearch/insertDoc	1702892785639	1702892785838	OK	 
REQUEST		POST /elasticsearch/insertDoc	1702892785646	1702892785838	OK	 
USER	getuser	START	1702892786779
REQUEST		POST /auth/getToken	1702892785220	1702892786607	OK	 
REQUEST		POST /auth/getToken	1702892785215	1702892785516	OK	 
REQUEST		POST /auth/getToken	1702892785227	1702892785532	OK	 
USER	getuser	START	1702892786848
REQUEST		POST /auth/getToken	1702892785228	1702892785516	OK	 
REQUEST		POST /elasticsearch/insertDoc	1702892785657	1702892786854	OK	 
REQUEST		POST /elasticsearch/insertDoc	1702892786619	1702892786816	OK	 
REQUEST		POST /elasticsearch/insertDoc	1702892785632	1702892785801	OK	 
REQUEST		POST /elasticsearch/insertDoc	1702892785642	1702892785834	OK	 
USER	getuser	START	1702892786888
REQUEST		POST /elasticsearch/insertDoc	1702892785633	1702892786842	OK	 
REQUEST		POST /elasticsearch/insertDoc	1702892785637	1702892786833	OK	 
USER	getuser	START	1702892786932
REQUEST		POST /auth/getToken	1702892785229	1702892786632	OK	 
USER	getuser	START	1702892787052
USER	getuser	START	1702892787065
USER	getuser	START	1702892787088
REQUEST		POST /elasticsearch/insertDoc	1702892786531	1702892786722	OK	 
REQUEST		POST /auth/getToken	1702892785216	1702892786739	OK	 
USER	getuser	START	1702892787136
USER	getuser	START	1702892787172
REQUEST		POST /auth/getToken	1702892785209	1702892786730	OK	 
USER	getuser	START	1702892787263
USER	getuser	START	1702892787288
REQUEST		POST /auth/getToken	1702892785220	1702892786678	OK	 
REQUEST		POST /auth/getToken	1702892786837	1702892787123	OK	 
REQUEST		POST /auth/getToken	1702892785229	1702892786663	OK	 
REQUEST		POST /auth/getToken	1702892785208	1702892786663	OK	 
REQUEST		POST /auth/getToken	1702892785219	1702892786663	OK	 
REQUEST		POST /auth/getToken	1702892785225	1702892786515	OK	 
REQUEST		POST /elasticsearch/insertDoc	1702892787274	1702892787459	OK	 
REQUEST		POST /auth/getToken	1702892785228	1702892786654	OK	 
REQUEST		POST /auth/getToken	1702892785209	1702892786652	OK	 
USER	getuser	START	1702892787456
USER	getuser	START	1702892787497
USER	getuser	START	1702892787507
USER	getuser	START	1702892787522
REQUEST		POST /auth/getToken	1702892785228	1702892786512	OK	 
REQUEST		POST /elasticsearch/insertDoc	1702892787259	1702892787466	OK	 
REQUEST		POST /auth/getToken	1702892785224	1702892786650	OK	 
REQUEST		POST /elasticsearch/insertDoc	1702892787287	1702892787545	OK	 
REQUEST		POST /auth/getToken	1702892785230	1702892786633	OK	 
USER	getuser	START	1702892787558
REQUEST		POST /elasticsearch/insertDoc	1702892787299	1702892787550	OK	 
USER	getuser	START	1702892787586
REQUEST		POST /auth/getToken	1702892785230	1702892786492	OK	 
REQUEST		POST /elasticsearch/insertDoc	1702892785907	1702892786426	OK	 
REQUEST		POST /elasticsearch/insertDoc	1702892786194	1702892786404	OK	 
USER	getuser	START	1702892787652
REQUEST		POST /elasticsearch/insertDoc	1702892786185	1702892786374	OK	 
REQUEST		POST /auth/getToken	1702892785230	1702892786482	OK	 
REQUEST		POST /elasticsearch/insertDoc	1702892786107	1702892786305	OK	 
REQUEST		POST /elasticsearch/insertDoc	1702892786118	1702892786302	OK	 
USER	getuser	START	1702892787745
USER	getuser	START	1702892787693
REQUEST		POST /elasticsearch/insertDoc	1702892786089	1702892786300	OK	 
REQUEST		POST /elasticsearch/insertDoc	1702892786080	1702892786285	OK	 
REQUEST		POST /elasticsearch/insertDoc	1702892786060	1702892786259	OK	 
REQUEST		POST /elasticsearch/insertDoc	1702892786069	1702892786238	OK	 
REQUEST		POST /elasticsearch/insertDoc	1702892786036	1702892786251	OK	 
REQUEST		POST /auth/getToken	1702892785216	1702892786467	OK	 
REQUEST		POST /auth/getToken	1702892785227	1702892786448	OK	 
REQUEST		POST /auth/getToken	1702892785227	1702892786466	OK	 
REQUEST		POST /auth/getToken	1702892785225	1702892786440	OK	 
REQUEST		POST /elasticsearch/insertDoc	1702892787596	1702892787799	OK	 
REQUEST		POST /elasticsearch/insertDoc	1702892787557	1702892787741	OK	 
REQUEST		POST /auth/getToken	1702892786041	1702892786285	OK	 
REQUEST		POST /elasticsearch/insertDoc	1702892787755	1702892787942	OK	 
REQUEST		POST /elasticsearch/insertDoc	1702892787453	1702892787619	OK	 
REQUEST		POST /elasticsearch/insertDoc	1702892787319	1702892787527	OK	 
REQUEST		POST /elasticsearch/insertDoc	1702892787294	1702892787474	OK	 
REQUEST		POST /elasticsearch/insertDoc	1702892787240	1702892787445	OK	 
REQUEST		POST /elasticsearch/insertDoc	1702892787233	1702892787414	OK	 
REQUEST		POST /elasticsearch/insertDoc	1702892787187	1702892787392	OK	 
REQUEST		POST /elasticsearch/insertDoc	1702892787179	1702892787333	OK	 
REQUEST		POST /elasticsearch/insertDoc	1702892787138	1702892787325	OK	 
REQUEST		POST /elasticsearch/insertDoc	1702892786960	1702892787205	OK	 
REQUEST		POST /elasticsearch/insertDoc	1702892786954	1702892787134	OK	 
REQUEST		POST /auth/getToken	1702892785220	1702892787724	OK	 
REQUEST		POST /auth/getToken	1702892786446	1702892787685	OK	 
REQUEST		POST /auth/getToken	1702892786763	1702892788006	OK	 
REQUEST		POST /auth/getToken	1702892786930	1702892787203	OK	 
REQUEST		POST /auth/getToken	1702892787118	1702892787340	OK	 
REQUEST		POST /auth/getToken	1702892786918	1702892787173	OK	 
REQUEST		POST /auth/getToken	1702892785219	1702892788141	OK	 
REQUEST		POST /auth/getToken	1702892786907	1702892787151	OK	 
REQUEST		POST /elasticsearch/insertDoc	1702892786762	1702892787045	OK	 
REQUEST		POST /auth/getToken	1702892787765	1702892787989	OK	 
REQUEST		POST /elasticsearch/insertDoc	1702892788139	1702892788424	OK	 
REQUEST		POST /elasticsearch/insertDoc	1702892788149	1702892788379	OK	 
REQUEST		POST /elasticsearch/insertDoc	1702892788135	1702892788365	OK	 
REQUEST		POST /elasticsearch/insertDoc	1702892788105	1702892788336	OK	 
REQUEST		POST /elasticsearch/insertDoc	1702892788121	1702892788335	OK	 
REQUEST		POST /auth/getToken	1702892785227	1702892788147	OK	 
REQUEST		POST /elasticsearch/insertDoc	1702892788015	1702892788299	OK	 
REQUEST		POST /auth/getToken	1702892786671	1702892787006	OK	 
REQUEST		POST /auth/getToken	1702892785218	1702892787130	OK	 
REQUEST		POST /auth/getToken	1702892786777	1702892787100	OK	 
REQUEST		POST /auth/getToken	1702892785228	1702892787000	OK	 
REQUEST		POST /elasticsearch/insertDoc	1702892788484	1702892788633	OK	 
REQUEST		POST /auth/getToken	1702892788118	1702892788394	OK	 
REQUEST		POST /auth/getToken	1702892788093	1702892788431	OK	 
REQUEST		POST /auth/getToken	1702892788103	1702892788351	OK	 
REQUEST		POST /auth/getToken	1702892785229	1702892788353	OK	 
REQUEST		POST /auth/getToken	1702892785221	1702892788351	OK	 
REQUEST		POST /elasticsearch/insertDoc	1702892787993	1702892788201	OK	 
REQUEST		POST /auth/getToken	1702892788020	1702892788319	OK	 
REQUEST		POST /elasticsearch/insertDoc	1702892787969	1702892788199	OK	 
REQUEST		POST /auth/getToken	1702892787948	1702892788313	OK	 
REQUEST		POST /auth/getToken	1702892788010	1702892788285	OK	 
REQUEST		POST /auth/getToken	1702892787984	1702892788274	OK	 
REQUEST		POST /auth/getToken	1702892787939	1702892788231	OK	 
REQUEST		POST /auth/getToken	1702892786954	1702892788219	OK	 
REQUEST		POST /auth/getToken	1702892785216	1702892788148	OK	 
REQUEST		POST /auth/getToken	1702892785207	1702892788201	OK	 
REQUEST		POST /auth/getToken	1702892787848	1702892788095	OK	 
REQUEST		POST /auth/getToken	1702892787784	1702892788054	OK	 
REQUEST		POST /auth/getToken	1702892785221	1702892788058	OK	 
REQUEST		POST /auth/getToken	1702892787787	1702892788050	OK	 
REQUEST		POST /auth/getToken	1702892787553	1702892787777	OK	 
REQUEST		POST /auth/getToken	1702892787773	1702892788050	OK	 
REQUEST		POST /auth/getToken	1702892785217	1702892788025	OK	 
REQUEST		POST /auth/getToken	1702892785219	1702892788034	OK	 
REQUEST		POST /auth/getToken	1702892787747	1702892787990	OK	 
REQUEST		POST /elasticsearch/insertDoc	1702892787625	1702892787852	OK	 
REQUEST		POST /auth/getToken	1702892787654	1702892787927	OK	 
REQUEST		POST /auth/getToken	1702892787775	1702892787989	OK	 
REQUEST		POST /auth/getToken	1702892788691	1702892788925	OK	 
REQUEST		POST /auth/getToken	1702892785219	1702892787881	OK	 
REQUEST		POST /elasticsearch/insertDoc	1702892787586	1702892787805	OK	 
REQUEST		POST /elasticsearch/insertDoc	1702892787616	1702892787802	OK	 
REQUEST		POST /auth/getToken	1702892787651	1702892787885	OK	 
REQUEST		POST /elasticsearch/insertDoc	1702892788970	1702892789168	OK	 
REQUEST		POST /auth/getToken	1702892785228	1702892787867	OK	 
REQUEST		POST /auth/getToken	1702892787610	1702892787871	OK	 
REQUEST		POST /auth/getToken	1702892785217	1702892787869	OK	 
REQUEST		POST /auth/getToken	1702892788799	1702892789029	OK	 
REQUEST		POST /auth/getToken	1702892785229	1702892787857	OK	 
REQUEST		POST /auth/getToken	1702892788116	1702892788349	OK	 
REQUEST		POST /elasticsearch/insertDoc	1702892789025	1702892789183	OK	 
REQUEST		POST /elasticsearch/insertDoc	1702892788591	1702892789264	OK	 
REQUEST		POST /elasticsearch/insertDoc	1702892789067	1702892789250	OK	 
REQUEST		POST /elasticsearch/insertDoc	1702892789091	1702892789250	OK	 
REQUEST		POST /elasticsearch/insertDoc	1702892789007	1702892789192	OK	 
REQUEST		POST /elasticsearch/insertDoc	1702892789010	1702892789208	OK	 
REQUEST		POST /elasticsearch/insertDoc	1702892788970	1702892789133	OK	 
USER	getuser	END	1702892786234
REQUEST		POST /elasticsearch/insertDoc	1702892788958	1702892789131	OK	 
REQUEST		POST /elasticsearch/insertDoc	1702892788958	1702892789116	OK	 
REQUEST		POST /elasticsearch/insertDoc	1702892788932	1702892789117	OK	 
REQUEST		POST /auth/getToken	1702892786950	1702892787191	OK	 
REQUEST		POST /elasticsearch/insertDoc	1702892788913	1702892789057	OK	 
REQUEST		POST /elasticsearch/insertDoc	1702892788892	1702892789048	OK	 
REQUEST		POST /elasticsearch/insertDoc	1702892788853	1702892789031	OK	 
REQUEST		POST /elasticsearch/insertDoc	1702892788898	1702892789048	OK	 
REQUEST		POST /elasticsearch/insertDoc	1702892787780	1702892789002	OK	 
REQUEST		POST /elasticsearch/insertDoc	1702892788840	1702892788999	OK	 
REQUEST		POST /elasticsearch/insertDoc	1702892788819	1702892788987	OK	 
REQUEST		POST /elasticsearch/insertDoc	1702892788827	1702892788987	OK	 
REQUEST		POST /elasticsearch/insertDoc	1702892788815	1702892788983	OK	 
REQUEST		POST /elasticsearch/insertDoc	1702892788790	1702892788939	OK	 
REQUEST		POST /auth/getToken	1702892788933	1702892789132	OK	 
REQUEST		POST /auth/getToken	1702892788894	1702892789102	OK	 
REQUEST		POST /auth/getToken	1702892788900	1702892789102	OK	 
REQUEST		POST /elasticsearch/insertDoc	1702892788792	1702892788937	OK	 
REQUEST		POST /auth/getToken	1702892788796	1702892789011	OK	 
REQUEST		POST /elasticsearch/insertDoc	1702892788770	1702892788929	OK	 
REQUEST		POST /auth/getToken	1702892789177	1702892789423	OK	 
REQUEST		POST /auth/getToken	1702892789294	1702892789515	OK	 
REQUEST		POST /elasticsearch/insertDoc	1702892788702	1702892788876	OK	 
REQUEST		POST /auth/getToken	1702892789345	1702892789572	OK	 
REQUEST		POST /auth/getToken	1702892789303	1702892789516	OK	 
REQUEST		POST /elasticsearch/insertDoc	1702892788662	1702892788850	OK	 
REQUEST		POST /elasticsearch/insertDoc	1702892788674	1702892788847	OK	 
REQUEST		POST /elasticsearch/insertDoc	1702892788616	1702892788806	OK	 
USER	getuser	END	1702892786446
USER	getuser	END	1702892786448
USER	getuser	START	1702892789757
USER	getuser	START	1702892789758
USER	getuser	START	1702892789760
USER	getuser	START	1702892789760
USER	getuser	START	1702892789767
USER	getuser	START	1702892789768
USER	getuser	START	1702892789771
USER	getuser	START	1702892789770
USER	getuser	START	1702892789773
USER	getuser	START	1702892789774
USER	getuser	START	1702892789775
USER	getuser	START	1702892789776
USER	getuser	START	1702892789779
USER	getuser	START	1702892789787
USER	getuser	START	1702892789786
USER	getuser	START	1702892789786
USER	getuser	START	1702892789787
USER	getuser	START	1702892789804
USER	getuser	START	1702892789807
USER	getuser	START	1702892789810
USER	getuser	START	1702892789819
USER	getuser	START	1702892789823
USER	getuser	START	1702892789831
USER	getuser	START	1702892789834
USER	getuser	START	1702892789836
USER	getuser	START	1702892789838
USER	getuser	START	1702892789839
REQUEST		POST /auth/getToken	1702892788689	1702892788915	OK	 
USER	getuser	START	1702892789848
USER	getuser	START	1702892789849
USER	getuser	START	1702892789851
USER	getuser	START	1702892789851
USER	getuser	START	1702892789853
USER	getuser	START	1702892789853
USER	getuser	START	1702892789854
USER	getuser	START	1702892789854
USER	getuser	START	1702892789856
USER	getuser	START	1702892789858
USER	getuser	START	1702892789859
USER	getuser	START	1702892789859
USER	getuser	START	1702892789863
USER	getuser	START	1702892789861
USER	getuser	START	1702892789865
USER	getuser	START	1702892789865
USER	getuser	START	1702892789866
USER	getuser	START	1702892789868
REQUEST		POST /auth/getToken	1702892788629	1702892788867	OK	 
USER	getuser	START	1702892789869
REQUEST		POST /auth/getToken	1702892785218	1702892788858	OK	 
USER	getuser	START	1702892789885
REQUEST		POST /auth/getToken	1702892785226	1702892788851	OK	 
REQUEST		POST /elasticsearch/insertDoc	1702892789745	1702892789901	OK	 
REQUEST		POST /auth/getToken	1702892785219	1702892788847	OK	 
REQUEST		POST /auth/getToken	1702892785229	1702892788805	OK	 
REQUEST		POST /auth/getToken	1702892785229	1702892788832	OK	 
REQUEST		POST /auth/getToken	1702892785227	1702892788807	OK	 
USER	getuser	START	1702892789952
REQUEST		POST /elasticsearch/insertDoc	1702892788603	1702892788770	OK	 
REQUEST		POST /elasticsearch/insertDoc	1702892788585	1702892788759	OK	 
REQUEST		POST /elasticsearch/insertDoc	1702892788577	1702892788750	OK	 
USER	getuser	START	1702892789996
REQUEST		POST /elasticsearch/insertDoc	1702892788565	1702892788744	OK	 
REQUEST		POST /auth/getToken	1702892785229	1702892788817	OK	 
REQUEST		POST /elasticsearch/insertDoc	1702892788827	1702892790039	OK	 
REQUEST		POST /auth/getToken	1702892785217	1702892788803	OK	 
USER	getuser	START	1702892790050
REQUEST		POST /elasticsearch/insertDoc	1702892788534	1702892788704	OK	 
REQUEST		POST /elasticsearch/insertDoc	1702892788536	1702892788704	OK	 
REQUEST		POST /elasticsearch/insertDoc	1702892788490	1702892788665	OK	 
REQUEST		POST /elasticsearch/insertDoc	1702892788471	1702892788652	OK	 
REQUEST		POST /elasticsearch/insertDoc	1702892788447	1702892788611	OK	 
REQUEST		POST /elasticsearch/insertDoc	1702892788451	1702892788636	OK	 
USER	getuser	START	1702892790105
REQUEST		POST /auth/getToken	1702892785229	1702892788770	OK	 
USER	getuser	START	1702892790148
REQUEST		POST /elasticsearch/insertDoc	1702892789967	1702892790132	OK	 
REQUEST		POST /elasticsearch/insertDoc	1702892787997	1702892788530	OK	 
REQUEST		POST /auth/getToken	1702892785229	1702892788756	OK	 
REQUEST		POST /auth/getToken	1702892785179	1702892788745	OK	 
REQUEST		POST /auth/getToken	1702892788519	1702892788742	OK	 
REQUEST		POST /elasticsearch/insertDoc	1702892790033	1702892790193	OK	 
REQUEST		POST /auth/getToken	1702892788519	1702892788746	OK	 
REQUEST		POST /auth/getToken	1702892788529	1702892788739	OK	 
USER	getuser	START	1702892790203
REQUEST		POST /auth/getToken	1702892788498	1702892788735	OK	 
REQUEST		POST /elasticsearch/insertDoc	1702892790018	1702892790195	OK	 
REQUEST		POST /elasticsearch/insertDoc	1702892789901	1702892790053	OK	 
REQUEST		POST /auth/getToken	1702892788819	1702892790096	OK	 
USER	getuser	START	1702892790278
USER	getuser	START	1702892790301
REQUEST		POST /elasticsearch/insertDoc	1702892789750	1702892789948	OK	 
REQUEST		POST /elasticsearch/insertDoc	1702892789757	1702892789949	OK	 
REQUEST		POST /elasticsearch/insertDoc	1702892789772	1702892789936	OK	 
REQUEST		POST /elasticsearch/insertDoc	1702892789750	1702892789921	OK	 
USER	getuser	START	1702892790341
REQUEST		POST /elasticsearch/insertDoc	1702892789718	1702892789873	OK	 
REQUEST		POST /elasticsearch/insertDoc	1702892789706	1702892789872	OK	 
REQUEST		POST /elasticsearch/insertDoc	1702892789658	1702892789844	OK	 
REQUEST		POST /auth/getToken	1702892785219	1702892787872	OK	 
REQUEST		POST /auth/getToken	1702892789908	1702892790118	OK	 
REQUEST		POST /auth/getToken	1702892789907	1702892790131	OK	 
REQUEST		POST /elasticsearch/insertDoc	1702892789566	1702892789738	OK	 
USER	getuser	START	1702892790403
USER	getuser	START	1702892790446
REQUEST		POST /elasticsearch/insertDoc	1702892789575	1702892789735	OK	 
REQUEST		POST /elasticsearch/insertDoc	1702892789481	1702892789679	OK	 
REQUEST		POST /elasticsearch/insertDoc	1702892789518	1702892789686	OK	 
USER	getuser	START	1702892790497
REQUEST		POST /elasticsearch/insertDoc	1702892789391	1702892789597	OK	 
REQUEST		POST /elasticsearch/insertDoc	1702892789384	1702892789553	OK	 
USER	getuser	START	1702892790546
REQUEST		POST /auth/getToken	1702892790090	1702892790311	OK	 
REQUEST		POST /auth/getToken	1702892789640	1702892789841	OK	 
USER	getuser	START	1702892790623
REQUEST		POST /elasticsearch/insertDoc	1702892789374	1702892789530	OK	 
REQUEST		POST /elasticsearch/insertDoc	1702892789357	1702892789518	OK	 
USER	getuser	START	1702892790644
USER	getuser	START	1702892790698
REQUEST		POST /elasticsearch/insertDoc	1702892788121	1702892789376	OK	 
REQUEST		POST /auth/getToken	1702892789506	1702892789721	OK	 
REQUEST		POST /elasticsearch/insertDoc	1702892790474	1702892790723	OK	 
REQUEST		POST /auth/getToken	1702892789374	1702892789645	OK	 
USER	getuser	START	1702892790755
REQUEST		POST /auth/getToken	1702892789282	1702892789449	OK	 
REQUEST		POST /auth/getToken	1702892789287	1702892789452	OK	 
REQUEST		POST /auth/getToken	1702892789282	1702892789524	OK	 
USER	getuser	START	1702892790912
USER	getuser	START	1702892790929
REQUEST		POST /elasticsearch/insertDoc	1702892790507	1702892790735	OK	 
REQUEST		POST /auth/getToken	1702892790496	1702892790775	OK	 
REQUEST		POST /elasticsearch/insertDoc	1702892790390	1702892790596	OK	 
REQUEST		POST /elasticsearch/insertDoc	1702892790318	1702892790581	OK	 
REQUEST		POST /elasticsearch/insertDoc	1702892790155	1702892790376	OK	 
REQUEST		POST /elasticsearch/insertDoc	1702892790187	1702892790376	OK	 
REQUEST		POST /elasticsearch/insertDoc	1702892788978	1702892790375	OK	 
REQUEST		POST /auth/getToken	1702892790476	1702892790735	OK	 
REQUEST		POST /elasticsearch/insertDoc	1702892790102	1702892790270	OK	 
REQUEST		POST /auth/getToken	1702892790498	1702892790748	OK	 
REQUEST		POST /auth/getToken	1702892790404	1702892790665	OK	 
REQUEST		POST /auth/getToken	1702892790399	1702892790664	OK	 
REQUEST		POST /elasticsearch/insertDoc	1702892790050	1702892790236	OK	 
REQUEST		POST /elasticsearch/insertDoc	1702892790970	1702892791196	OK	 
REQUEST		POST /elasticsearch/insertDoc	1702892790038	1702892790198	OK	 
REQUEST		POST /elasticsearch/insertDoc	1702892790018	1702892790170	OK	 
REQUEST		POST /elasticsearch/insertDoc	1702892790006	1702892790161	OK	 
USER	getuser	END	1702892786564
REQUEST		POST /auth/getToken	1702892789308	1702892789524	OK	 
REQUEST		POST /auth/getToken	1702892790690	1702892790996	OK	 
REQUEST		POST /auth/getToken	1702892790319	1702892790613	OK	 
REQUEST		POST /auth/getToken	1702892790187	1702892790541	OK	 
REQUEST		POST /auth/getToken	1702892790264	1702892790575	OK	 
REQUEST		POST /auth/getToken	1702892790738	1702892791054	OK	 
REQUEST		POST /elasticsearch/insertDoc	1702892791008	1702892791203	OK	 
REQUEST		POST /auth/getToken	1702892789159	1702892789434	OK	 
REQUEST		POST /auth/getToken	1702892790368	1702892790607	OK	 
REQUEST		POST /auth/getToken	1702892790033	1702892790246	OK	 
REQUEST		POST /auth/getToken	1702892790204	1702892790525	OK	 
REQUEST		POST /elasticsearch/insertDoc	1702892790991	1702892791203	OK	 
REQUEST		POST /auth/getToken	1702892790088	1702892790311	OK	 
REQUEST		POST /elasticsearch/insertDoc	1702892790975	1702892791141	OK	 
REQUEST		POST /elasticsearch/insertDoc	1702892790779	1702892791003	OK	 
REQUEST		POST /elasticsearch/insertDoc	1702892790641	1702892790833	OK	 
REQUEST		POST /auth/getToken	1702892790006	1702892790239	OK	 
REQUEST		POST /auth/getToken	1702892790780	1702892791189	OK	 
REQUEST		POST /elasticsearch/insertDoc	1702892790670	1702892790828	OK	 
REQUEST		POST /elasticsearch/insertDoc	1702892790657	1702892790833	OK	 
REQUEST		POST /auth/getToken	1702892788895	1702892790169	OK	 
REQUEST		POST /elasticsearch/insertDoc	1702892791147	1702892791348	OK	 
REQUEST		POST /elasticsearch/insertDoc	1702892791107	1702892791336	OK	 
REQUEST		POST /elasticsearch/insertDoc	1702892791165	1702892791335	OK	 
REQUEST		POST /elasticsearch/insertDoc	1702892791084	1702892791335	OK	 
REQUEST		POST /elasticsearch/insertDoc	1702892790670	1702892791333	OK	 
REQUEST		POST /auth/getToken	1702892785230	1702892791205	OK	 
REQUEST		POST /elasticsearch/insertDoc	1702892791104	1702892791290	OK	 
REQUEST		POST /elasticsearch/insertDoc	1702892791067	1702892791290	OK	 
REQUEST		POST /auth/getToken	1702892785210	1702892791069	OK	 
REQUEST		POST /elasticsearch/insertDoc	1702892791383	1702892791597	OK	 
REQUEST		POST /auth/getToken	1702892785227	1702892791202	OK	 
REQUEST		POST /auth/getToken	1702892785218	1702892791001	OK	 
REQUEST		POST /elasticsearch/insertDoc	1702892791345	1702892791604	OK	 
REQUEST		POST /elasticsearch/insertDoc	1702892791107	1702892791290	OK	 
REQUEST		POST /auth/getToken	1702892790719	1702892791003	OK	 
REQUEST		POST /auth/getToken	1702892790687	1702892790934	OK	 
REQUEST		POST /elasticsearch/insertDoc	1702892791067	1702892791285	OK	 
REQUEST		POST /elasticsearch/insertDoc	1702892791051	1702892791283	OK	 
REQUEST		POST /elasticsearch/insertDoc	1702892791383	1702892791619	OK	 
REQUEST		POST /elasticsearch/insertDoc	1702892790642	1702892791273	OK	 
REQUEST		POST /elasticsearch/insertDoc	1702892791397	1702892791623	OK	 
USER	getuser	END	1702892786757
USER	getuser	END	1702892786762
USER	getuser	END	1702892786775
USER	getuser	END	1702892786778
USER	getuser	END	1702892786862
USER	getuser	END	1702892786862
USER	getuser	END	1702892786873
USER	getuser	END	1702892786882
USER	getuser	END	1702892786904
USER	getuser	END	1702892786904
USER	getuser	END	1702892787109
USER	getuser	END	1702892787507
USER	getuser	END	1702892787531
USER	getuser	END	1702892787552
USER	getuser	START	1702892791654
USER	getuser	START	1702892791654
USER	getuser	START	1702892791656
USER	getuser	START	1702892791656
USER	getuser	START	1702892791656
USER	getuser	START	1702892791658
USER	getuser	START	1702892791660
USER	getuser	START	1702892791662
USER	getuser	START	1702892791663
USER	getuser	START	1702892791664
USER	getuser	START	1702892791665
USER	getuser	START	1702892791665
USER	getuser	START	1702892791672
USER	getuser	START	1702892791674
USER	getuser	START	1702892791673
USER	getuser	START	1702892791677
USER	getuser	START	1702892791677
USER	getuser	START	1702892791677
REQUEST		POST /elasticsearch/insertDoc	1702892791392	1702892791606	OK	 
REQUEST		POST /auth/getToken	1702892791060	1702892791336	OK	 
USER	getuser	START	1702892791696
REQUEST		POST /elasticsearch/insertDoc	1702892791315	1702892791564	OK	 
USER	getuser	START	1702892791755
REQUEST		POST /elasticsearch/insertDoc	1702892791257	1702892791500	OK	 
REQUEST		POST /auth/getToken	1702892789350	1702892789540	OK	 
REQUEST		POST /auth/getToken	1702892790633	1702892791290	OK	 
REQUEST		POST /auth/getToken	1702892789489	1702892789690	OK	 
REQUEST		POST /auth/getToken	1702892789418	1702892789619	OK	 
REQUEST		POST /auth/getToken	1702892785222	1702892791282	OK	 
USER	getuser	START	1702892791815
REQUEST		POST /elasticsearch/insertDoc	1702892791196	1702892791428	OK	 
REQUEST		POST /elasticsearch/insertDoc	1702892791174	1702892791427	OK	 
REQUEST		POST /auth/getToken	1702892789975	1702892791285	OK	 
USER	getuser	START	1702892791854
REQUEST		POST /auth/getToken	1702892785214	1702892791276	OK	 
REQUEST		POST /elasticsearch/insertDoc	1702892791652	1702892791863	OK	 
REQUEST		POST /elasticsearch/insertDoc	1702892791634	1702892791848	OK	 
REQUEST		POST /elasticsearch/insertDoc	1702892791644	1702892791811	OK	 
REQUEST		POST /elasticsearch/insertDoc	1702892790513	1702892791809	OK	 
USER	getuser	START	1702892791914
REQUEST		POST /elasticsearch/insertDoc	1702892790490	1702892791807	OK	 
REQUEST		POST /elasticsearch/insertDoc	1702892791614	1702892791806	OK	 
REQUEST		POST /elasticsearch/insertDoc	1702892790520	1702892791805	OK	 
REQUEST		POST /auth/getToken	1702892791341	1702892791606	OK	 
REQUEST		POST /auth/getToken	1702892791307	1702892791560	OK	 
REQUEST		POST /elasticsearch/insertDoc	1702892791530	1702892791739	OK	 
USER	getuser	END	1702892787577
USER	getuser	START	1702892791947
REQUEST		POST /elasticsearch/insertDoc	1702892791750	1702892791935	OK	 
REQUEST		POST /elasticsearch/insertDoc	1702892791705	1702892791932	OK	 
REQUEST		POST /auth/getToken	1702892789322	1702892789525	OK	 
REQUEST		POST /auth/getToken	1702892791269	1702892791490	OK	 
REQUEST		POST /auth/getToken	1702892791130	1702892791433	OK	 
USER	getuser	START	1702892792011
REQUEST		POST /elasticsearch/insertDoc	1702892790632	1702892792000	OK	 
REQUEST		POST /elasticsearch/insertDoc	1702892791797	1702892792006	OK	 
REQUEST		POST /elasticsearch/insertDoc	1702892791778	1702892792004	OK	 
USER	getuser	START	1702892792044
REQUEST		POST /auth/getToken	1702892791113	1702892791423	OK	 
REQUEST		POST /auth/getToken	1702892791095	1702892791428	OK	 
REQUEST		POST /elasticsearch/insertDoc	1702892791868	1702892792068	OK	 
REQUEST		POST /elasticsearch/insertDoc	1702892791832	1702892792068	OK	 
REQUEST		POST /auth/getToken	1702892791157	1702892791427	OK	 
REQUEST		POST /auth/getToken	1702892785218	1702892791419	OK	 
REQUEST		POST /elasticsearch/insertDoc	1702892791853	1702892792071	OK	 
USER	getuser	END	1702892787630
REQUEST		POST /elasticsearch/insertDoc	1702892791868	1702892792071	OK	 
REQUEST		POST /auth/getToken	1702892785218	1702892791430	OK	 
REQUEST		POST /elasticsearch/insertDoc	1702892791828	1702892792075	OK	 
REQUEST		POST /auth/getToken	1702892791158	1702892791424	OK	 
REQUEST		POST /elasticsearch/insertDoc	1702892791855	1702892792078	OK	 
USER	getuser	END	1702892787652
USER	getuser	END	1702892787697
USER	getuser	END	1702892787745
USER	getuser	END	1702892787749
USER	getuser	END	1702892787753
USER	getuser	END	1702892787753
USER	getuser	END	1702892787759
USER	getuser	END	1702892787764
USER	getuser	END	1702892787767
USER	getuser	END	1702892787934
USER	getuser	END	1702892787934
USER	getuser	END	1702892787956
REQUEST		POST /auth/getToken	1702892791604	1702892791859	OK	 
REQUEST		POST /elasticsearch/insertDoc	1702892791892	1702892792088	OK	 
USER	getuser	END	1702892787996
USER	getuser	END	1702892788014
USER	getuser	END	1702892788014
USER	getuser	END	1702892788088
USER	getuser	END	1702892788088
USER	getuser	END	1702892788089
USER	getuser	END	1702892788105
USER	getuser	END	1702892788107
USER	getuser	END	1702892788115
USER	getuser	END	1702892788150
USER	getuser	END	1702892788473
USER	getuser	END	1702892788535
USER	getuser	END	1702892788551
USER	getuser	END	1702892788551
USER	getuser	END	1702892788591
USER	getuser	END	1702892788591
USER	getuser	END	1702892788618
USER	getuser	END	1702892788686
USER	getuser	END	1702892788767
USER	getuser	END	1702892788787
USER	getuser	END	1702892789097
USER	getuser	END	1702892789154
USER	getuser	END	1702892789182
USER	getuser	END	1702892789182
USER	getuser	END	1702892789266
USER	getuser	END	1702892789267
USER	getuser	END	1702892789298
USER	getuser	END	1702892789303
USER	getuser	END	1702892789332
USER	getuser	END	1702892789333
USER	getuser	END	1702892789334
USER	getuser	END	1702892789355
USER	getuser	END	1702892789365
USER	getuser	END	1702892789370
USER	getuser	END	1702892789379
USER	getuser	END	1702892789383
USER	getuser	END	1702892789388
USER	getuser	END	1702892789388
USER	getuser	END	1702892789411
USER	getuser	END	1702892789413
USER	getuser	END	1702892789416
USER	getuser	END	1702892789479
USER	getuser	END	1702892789483
USER	getuser	END	1702892789504
USER	getuser	END	1702892789563
USER	getuser	END	1702892789648
REQUEST		POST /auth/getToken	1702892791108	1702892791418	OK	 
REQUEST		POST /auth/getToken	1702892791110	1702892791417	OK	 
REQUEST		POST /elasticsearch/insertDoc	1702892791880	1702892792095	OK	 
REQUEST		POST /auth/getToken	1702892790099	1702892791805	OK	 
REQUEST		POST /elasticsearch/insertDoc	1702892791937	1702892792095	OK	 
USER	getuser	END	1702892789698
USER	getuser	END	1702892789739
USER	getuser	END	1702892789747
USER	getuser	END	1702892789754
USER	getuser	END	1702892789904
USER	getuser	END	1702892789965
USER	getuser	END	1702892789968
USER	getuser	END	1702892789997
USER	getuser	END	1702892790025
USER	getuser	END	1702892790040
USER	getuser	END	1702892790070
USER	getuser	END	1702892790071
USER	getuser	END	1702892790072
USER	getuser	END	1702892790079
USER	getuser	END	1702892790079
USER	getuser	END	1702892790091
USER	getuser	END	1702892790154
USER	getuser	END	1702892790154
USER	getuser	END	1702892790198
USER	getuser	END	1702892790247
USER	getuser	END	1702892790247
USER	getuser	END	1702892790308
USER	getuser	END	1702892790317
USER	getuser	END	1702892790331
USER	getuser	END	1702892790333
USER	getuser	END	1702892790361
USER	getuser	END	1702892790366
USER	getuser	END	1702892790369
USER	getuser	END	1702892790396
USER	getuser	END	1702892790453
USER	getuser	END	1702892790487
USER	getuser	END	1702892790487
USER	getuser	END	1702892790517
USER	getuser	END	1702892790518
USER	getuser	END	1702892790629
USER	getuser	END	1702892790639
USER	getuser	END	1702892790711
USER	getuser	END	1702892790732
USER	getuser	END	1702892790973
USER	getuser	END	1702892791086
USER	getuser	END	1702892791102
USER	getuser	END	1702892791115
USER	getuser	END	1702892791118
USER	getuser	END	1702892791121
USER	getuser	END	1702892791153
USER	getuser	END	1702892791224
USER	getuser	END	1702892791224
USER	getuser	END	1702892791247
USER	getuser	END	1702892791250
USER	getuser	END	1702892791256
USER	getuser	END	1702892791314
USER	getuser	END	1702892791336
USER	getuser	END	1702892791373
USER	getuser	END	1702892791386
USER	getuser	END	1702892791403
USER	getuser	END	1702892791446
USER	getuser	END	1702892791449
USER	getuser	END	1702892791517
USER	getuser	END	1702892791519
USER	getuser	END	1702892791529
USER	getuser	END	1702892791534
USER	getuser	END	1702892791534
USER	getuser	END	1702892791594
USER	getuser	END	1702892791598
USER	getuser	END	1702892791599
USER	getuser	END	1702892791609
USER	getuser	END	1702892791611
USER	getuser	END	1702892791632
USER	getuser	END	1702892791639
USER	getuser	END	1702892791650
USER	getuser	END	1702892791650
USER	getuser	END	1702892791650
USER	getuser	END	1702892791696
USER	getuser	END	1702892791748
USER	getuser	END	1702892791772
USER	getuser	END	1702892791826
USER	getuser	END	1702892791848
USER	getuser	END	1702892791871
USER	getuser	END	1702892791901
USER	getuser	END	1702892791908
USER	getuser	END	1702892791910
USER	getuser	END	1702892791920
USER	getuser	END	1702892791920
USER	getuser	END	1702892791925
USER	getuser	END	1702892791939
USER	getuser	END	1702892791966
USER	getuser	END	1702892791988
USER	getuser	END	1702892792024
USER	getuser	END	1702892792033
USER	getuser	END	1702892792033
USER	getuser	END	1702892792081
USER	getuser	END	1702892792081
USER	getuser	END	1702892792087
USER	getuser	END	1702892792087
USER	getuser	END	1702892792087
USER	getuser	END	1702892792087
USER	getuser	END	1702892792102
REQUEST		POST /elasticsearch/insertDoc	1702892791887	1702892792094	OK	 
USER	getuser	END	1702892792123
USER	getuser	END	1702892792123
REQUEST		POST /auth/getToken	1702892791540	1702892791810	OK	 
REQUEST		POST /elasticsearch/insertDoc	1702892791918	1702892792113	OK	 
USER	getuser	END	1702892792141
USER	getuser	END	1702892792141
REQUEST		POST /auth/getToken	1702892791590	1702892791848	OK	 
REQUEST		POST /auth/getToken	1702892790522	1702892790748	OK	 
REQUEST		POST /auth/getToken	1702892791376	1702892791669	OK	 
REQUEST		POST /auth/getToken	1702892791398	1702892791667	OK	 
USER	getuser	START	1702892792102
USER	getuser	START	1702892792180
REQUEST		POST /elasticsearch/insertDoc	1702892791903	1702892792144	OK	 
USER	getuser	START	1702892792197
REQUEST		POST /elasticsearch/insertDoc	1702892791968	1702892792155	OK	 
USER	getuser	END	1702892792199
USER	getuser	END	1702892792205
REQUEST		POST /auth/getToken	1702892791635	1702892791930	OK	 
REQUEST		POST /auth/getToken	1702892791760	1702892792015	OK	 
REQUEST		POST /elasticsearch/insertDoc	1702892791957	1702892792155	OK	 
REQUEST		POST /elasticsearch/insertDoc	1702892790968	1702892792154	OK	 
USER	getuser	END	1702892792260
USER	getuser	END	1702892792264
USER	getuser	START	1702892792260
REQUEST		POST /auth/getToken	1702892790458	1702892790748	OK	 
REQUEST		POST /auth/getToken	1702892791774	1702892792069	OK	 
REQUEST		POST /elasticsearch/insertDoc	1702892792025	1702892792241	OK	 
USER	getuser	END	1702892792278
REQUEST		POST /elasticsearch/insertDoc	1702892791987	1702892792238	OK	 
USER	getuser	END	1702892792300
REQUEST		POST /auth/getToken	1702892791790	1702892792028	OK	 
USER	getuser	START	1702892792306
REQUEST		POST /elasticsearch/insertDoc	1702892792038	1702892792304	OK	 
USER	getuser	END	1702892792321
USER	getuser	START	1702892792349
REQUEST		POST /auth/getToken	1702892790277	1702892790584	OK	 
USER	getuser	START	1702892792425
USER	getuser	START	1702892792444
REQUEST		POST /elasticsearch/insertDoc	1702892790970	1702892792271	OK	 
USER	getuser	END	1702892792462
REQUEST		POST /elasticsearch/insertDoc	1702892792071	1702892792271	OK	 
USER	getuser	END	1702892792464
REQUEST		POST /auth/getToken	1702892787603	1702892787856	OK	 
REQUEST		POST /auth/getToken	1702892791914	1702892792238	OK	 
REQUEST		POST /auth/getToken	1702892791949	1702892792241	OK	 
REQUEST		POST /auth/getToken	1702892791944	1702892792239	OK	 
REQUEST		POST /auth/getToken	1702892791946	1702892792231	OK	 
REQUEST		POST /auth/getToken	1702892792009	1702892792304	OK	 
REQUEST		POST /auth/getToken	1702892792039	1702892792305	OK	 
REQUEST		POST /auth/getToken	1702892791955	1702892792234	OK	 
REQUEST		POST /auth/getToken	1702892791994	1702892792298	OK	 
REQUEST		POST /auth/getToken	1702892790049	1702892791348	OK	 
USER	getuser	START	1702892792550
USER	getuser	START	1702892792496
REQUEST		POST /auth/getToken	1702892790717	1702892791003	OK	 
REQUEST		POST /auth/getToken	1702892785221	1702892791201	OK	 
REQUEST		POST /elasticsearch/insertDoc	1702892791099	1702892792409	OK	 
USER	getuser	END	1702892792567
REQUEST		POST /elasticsearch/insertDoc	1702892791359	1702892792558	OK	 
USER	getuser	END	1702892792586
REQUEST		POST /elasticsearch/insertDoc	1702892791383	1702892792556	OK	 
REQUEST		POST /elasticsearch/insertDoc	1702892791359	1702892792538	OK	 
USER	getuser	END	1702892792599
USER	getuser	END	1702892792599
REQUEST		POST /auth/getToken	1702892791990	1702892792297	OK	 
REQUEST		POST /auth/getToken	1702892791998	1702892792289	OK	 
REQUEST		POST /auth/getToken	1702892792014	1702892792289	OK	 
USER	getuser	START	1702892792637
USER	getuser	START	1702892792664
USER	getuser	START	1702892792690
REQUEST		POST /auth/getToken	1702892792162	1702892792437	OK	 
REQUEST		POST /auth/getToken	1702892792257	1702892792517	OK	 
REQUEST		POST /auth/getToken	1702892792207	1702892792426	OK	 
REQUEST		POST /auth/getToken	1702892791111	1702892792461	OK	 
REQUEST		POST /elasticsearch/insertDoc	1702892792348	1702892792537	OK	 
REQUEST		POST /elasticsearch/insertDoc	1702892792302	1702892792537	OK	 
USER	getuser	END	1702892792713
USER	getuser	END	1702892792713
REQUEST		POST /elasticsearch/insertDoc	1702892792322	1702892792532	OK	 
USER	getuser	END	1702892792718
REQUEST		POST /elasticsearch/insertDoc	1702892792336	1702892792531	OK	 
USER	getuser	END	1702892792718
REQUEST		POST /elasticsearch/insertDoc	1702892792322	1702892792507	OK	 
USER	getuser	END	1702892792718
REQUEST		POST /elasticsearch/insertDoc	1702892792264	1702892792476	OK	 
REQUEST		POST /elasticsearch/insertDoc	1702892792284	1702892792498	OK	 
REQUEST		POST /elasticsearch/insertDoc	1702892792285	1702892792476	OK	 
USER	getuser	END	1702892792722
USER	getuser	END	1702892792722
USER	getuser	END	1702892792722
REQUEST		POST /elasticsearch/insertDoc	1702892789096	1702892792471	OK	 
USER	getuser	END	1702892792726
USER	getuser	START	1702892792726
REQUEST		POST /elasticsearch/insertDoc	1702892792524	1702892792705	OK	 
REQUEST		POST /elasticsearch/insertDoc	1702892792482	1702892792708	OK	 
REQUEST		POST /elasticsearch/insertDoc	1702892792518	1702892792702	OK	 
USER	getuser	END	1702892792738
USER	getuser	END	1702892792738
USER	getuser	END	1702892792739
REQUEST		POST /elasticsearch/insertDoc	1702892792485	1702892792702	OK	 
USER	getuser	END	1702892792749
REQUEST		POST /elasticsearch/insertDoc	1702892792451	1702892792635	OK	 
REQUEST		POST /elasticsearch/insertDoc	1702892792463	1702892792634	OK	 
USER	getuser	END	1702892792752
USER	getuser	END	1702892792753
REQUEST		POST /elasticsearch/insertDoc	1702892792448	1702892792634	OK	 
USER	getuser	END	1702892792756
USER	getuser	START	1702892792788
REQUEST		POST /auth/getToken	1702892792039	1702892792369	OK	 
REQUEST		POST /elasticsearch/insertDoc	1702892792587	1702892792841	OK	 
USER	getuser	END	1702892792847
USER	getuser	START	1702892792850
REQUEST		POST /auth/getToken	1702892790674	1702892790937	OK	 
REQUEST		POST /elasticsearch/insertDoc	1702892791397	1702892792868	OK	 
USER	getuser	END	1702892792870
USER	getuser	START	1702892792904
USER	getuser	START	1702892792945
REQUEST		POST /auth/getToken	1702892791406	1702892792701	OK	 
REQUEST		POST /elasticsearch/insertDoc	1702892792751	1702892793006	OK	 
REQUEST		POST /auth/getToken	1702892792203	1702892792471	OK	 
REQUEST		POST /elasticsearch/insertDoc	1702892792731	1702892793007	OK	 
USER	getuser	END	1702892793014
USER	getuser	END	1702892793014
USER	getuser	START	1702892792993
USER	getuser	START	1702892793052
REQUEST		POST /auth/getToken	1702892790337	1702892792824	OK	 
REQUEST		POST /auth/getToken	1702892785225	1702892792824	OK	 
REQUEST		POST /elasticsearch/insertDoc	1702892792826	1702892793084	OK	 
REQUEST		POST /elasticsearch/insertDoc	1702892792827	1702892793084	OK	 
USER	getuser	END	1702892793084
USER	getuser	END	1702892793084
REQUEST		POST /auth/getToken	1702892785220	1702892792854	OK	 
REQUEST		POST /auth/getToken	1702892792039	1702892792405	OK	 
REQUEST		POST /elasticsearch/insertDoc	1702892792572	1702892793087	OK	 
REQUEST		POST /elasticsearch/insertDoc	1702892792857	1702892793087	OK	 
USER	getuser	END	1702892793090
USER	getuser	END	1702892793090
REQUEST		POST /auth/getToken	1702892792327	1702892792538	OK	 
REQUEST		POST /elasticsearch/insertDoc	1702892792648	1702892793106	OK	 
USER	getuser	END	1702892793107
USER	getuser	START	1702892793107
USER	getuser	START	1702892793118
REQUEST		POST /auth/getToken	1702892791539	1702892792901	OK	 
REQUEST		POST /elasticsearch/insertDoc	1702892792904	1702892793136	OK	 
REQUEST		POST /auth/getToken	1702892785229	1702892792888	OK	 
REQUEST		POST /elasticsearch/insertDoc	1702892792897	1702892793154	OK	 
REQUEST		POST /auth/getToken	1702892785226	1702892792888	OK	 
REQUEST		POST /elasticsearch/insertDoc	1702892792891	1702892793163	OK	 
USER	getuser	END	1702892793157
USER	getuser	END	1702892793157
USER	getuser	END	1702892793183
USER	getuser	START	1702892793199
USER	getuser	START	1702892793219
REQUEST		POST /auth/getToken	1702892791705	1702892791933	OK	 
REQUEST		POST /elasticsearch/insertDoc	1702892791987	1702892793250	OK	 
REQUEST		POST /auth/getToken	1702892791529	1702892791805	OK	 
REQUEST		POST /elasticsearch/insertDoc	1702892791922	1702892793253	OK	 
REQUEST		POST /auth/getToken	1702892791408	1702892791726	OK	 
REQUEST		POST /auth/getToken	1702892792646	1702892792994	OK	 
REQUEST		POST /auth/getToken	1702892791615	1702892791863	OK	 
REQUEST		POST /elasticsearch/insertDoc	1702892793013	1702892793261	OK	 
USER	getuser	END	1702892793263
REQUEST		POST /elasticsearch/insertDoc	1702892791892	1702892793261	OK	 
USER	getuser	END	1702892793263
REQUEST		POST /elasticsearch/insertDoc	1702892791942	1702892793261	OK	 
USER	getuser	END	1702892793265
USER	getuser	END	1702892793265
USER	getuser	END	1702892793266
USER	getuser	START	1702892793268
REQUEST		POST /auth/getToken	1702892791377	1702892791969	OK	 
REQUEST		POST /elasticsearch/insertDoc	1702892791998	1702892793306	OK	 
REQUEST		POST /auth/getToken	1702892792752	1702892793067	OK	 
REQUEST		POST /elasticsearch/insertDoc	1702892793070	1702892793323	OK	 
USER	getuser	END	1702892793313
REQUEST		POST /auth/getToken	1702892792752	1702892793079	OK	 
REQUEST		POST /elasticsearch/insertDoc	1702892793083	1702892793323	OK	 
USER	getuser	START	1702892793325
USER	getuser	END	1702892793325
USER	getuser	END	1702892793325
USER	getuser	START	1702892793371
REQUEST		POST /auth/getToken	1702892792551	1702892793100	OK	 
REQUEST		POST /elasticsearch/insertDoc	1702892793105	1702892793382	OK	 
REQUEST		POST /auth/getToken	1702892791797	1702892793148	OK	 
REQUEST		POST /elasticsearch/insertDoc	1702892793150	1702892793383	OK	 
REQUEST		POST /auth/getToken	1702892792590	1702892793166	OK	 
REQUEST		POST /elasticsearch/insertDoc	1702892793174	1702892793384	OK	 
REQUEST		POST /auth/getToken	1702892791258	1702892792536	OK	 
REQUEST		POST /elasticsearch/insertDoc	1702892792716	1702892793385	OK	 
USER	getuser	END	1702892793388
USER	getuser	END	1702892793389
USER	getuser	END	1702892793389
USER	getuser	END	1702892793389
REQUEST		POST /auth/getToken	1702892791775	1702892792015	OK	 
REQUEST		POST /elasticsearch/insertDoc	1702892792035	1702892793425	OK	 
USER	getuser	END	1702892793429
USER	getuser	START	1702892793430
REQUEST		POST /auth/getToken	1702892792800	1702892793175	OK	 
REQUEST		POST /elasticsearch/insertDoc	1702892793178	1702892793433	OK	 
USER	getuser	END	1702892793436
REQUEST		POST /auth/getToken	1702892792863	1702892793248	OK	 
REQUEST		POST /elasticsearch/insertDoc	1702892793251	1702892793440	OK	 
USER	getuser	END	1702892793442
USER	getuser	START	1702892793479
REQUEST		POST /auth/getToken	1702892791897	1702892793314	OK	 
REQUEST		POST /elasticsearch/insertDoc	1702892793316	1702892793528	OK	 
REQUEST		POST /auth/getToken	1702892791905	1702892793307	OK	 
REQUEST		POST /elasticsearch/insertDoc	1702892793309	1702892793530	OK	 
REQUEST		POST /auth/getToken	1702892793033	1702892793317	OK	 
REQUEST		POST /elasticsearch/insertDoc	1702892793321	1702892793530	OK	 
USER	getuser	END	1702892793532
USER	getuser	END	1702892793532
USER	getuser	END	1702892793532
USER	getuser	START	1702892793532
USER	getuser	START	1702892793568
REQUEST		POST /auth/getToken	1702892793059	1702892793387	OK	 
REQUEST		POST /elasticsearch/insertDoc	1702892793389	1702892793585	OK	 
USER	getuser	END	1702892793585
REQUEST		POST /auth/getToken	1702892790109	1702892790375	OK	 
REQUEST		POST /elasticsearch/insertDoc	1702892791125	1702892793623	OK	 
USER	getuser	END	1702892793623
REQUEST		POST /auth/getToken	1702892793196	1702892793462	OK	 
REQUEST		POST /auth/getToken	1702892790103	1702892790372	OK	 
REQUEST		POST /elasticsearch/insertDoc	1702892793464	1702892793633	OK	 
REQUEST		POST /elasticsearch/insertDoc	1702892791125	1702892793633	OK	 
USER	getuser	END	1702892793634
USER	getuser	END	1702892793634
REQUEST		POST /auth/getToken	1702892790075	1702892790307	OK	 
REQUEST		POST /elasticsearch/insertDoc	1702892791154	1702892793671	OK	 
REQUEST		POST /auth/getToken	1702892791698	1702892793521	OK	 
REQUEST		POST /elasticsearch/insertDoc	1702892793523	1702892793682	OK	 
USER	getuser	END	1702892793679
USER	getuser	START	1702892793631
REQUEST		POST /auth/getToken	1702892793275	1702892793532	OK	 
REQUEST		POST /elasticsearch/insertDoc	1702892793534	1702892793693	OK	 
USER	getuser	END	1702892793684
USER	getuser	START	1702892793701
USER	getuser	END	1702892793701
USER	getuser	START	1702892793722
USER	getuser	START	1702892793790
REQUEST		POST /auth/getToken	1702892793378	1702892793600	OK	 
REQUEST		POST /elasticsearch/insertDoc	1702892793602	1702892793798	OK	 
USER	getuser	END	1702892793811
USER	getuser	START	1702892793828
REQUEST		POST /auth/getToken	1702892791952	1702892793678	OK	 
REQUEST		POST /elasticsearch/insertDoc	1702892793681	1702892793866	OK	 
REQUEST		POST /auth/getToken	1702892790925	1702892791201	OK	 
REQUEST		POST /auth/getToken	1702892785227	1702892791002	OK	 
REQUEST		POST /elasticsearch/insertDoc	1702892791366	1702892793867	OK	 
REQUEST		POST /elasticsearch/insertDoc	1702892791389	1702892793867	OK	 
REQUEST		POST /auth/getToken	1702892791126	1702892791416	OK	 
REQUEST		POST /elasticsearch/insertDoc	1702892791517	1702892793869	OK	 
REQUEST		POST /auth/getToken	1702892793336	1702892793616	OK	 
REQUEST		POST /auth/getToken	1702892793442	1702892793676	OK	 
REQUEST		POST /auth/getToken	1702892792150	1702892792413	OK	 
REQUEST		POST /elasticsearch/insertDoc	1702892793618	1702892793871	OK	 
REQUEST		POST /elasticsearch/insertDoc	1702892792570	1702892793871	OK	 
REQUEST		POST /elasticsearch/insertDoc	1702892793678	1702892793871	OK	 
USER	getuser	END	1702892793871
USER	getuser	END	1702892793871
USER	getuser	END	1702892793871
USER	getuser	END	1702892793871
USER	getuser	END	1702892793871
USER	getuser	END	1702892793871
USER	getuser	END	1702892793871
USER	getuser	START	1702892793871
REQUEST		POST /auth/getToken	1702892790126	1702892793719	OK	 
REQUEST		POST /elasticsearch/insertDoc	1702892793722	1702892793919	OK	 
USER	getuser	END	1702892793929
USER	getuser	START	1702892793930
USER	getuser	START	1702892793979
REQUEST		POST /auth/getToken	1702892791376	1702892792702	OK	 
REQUEST		POST /elasticsearch/insertDoc	1702892792748	1702892793997	OK	 
REQUEST		POST /auth/getToken	1702892793538	1702892793765	OK	 
REQUEST		POST /elasticsearch/insertDoc	1702892793768	1702892793999	OK	 
REQUEST		POST /auth/getToken	1702892790655	1702892793734	OK	 
REQUEST		POST /auth/getToken	1702892793579	1702892793787	OK	 
REQUEST		POST /elasticsearch/insertDoc	1702892793788	1702892794004	OK	 
REQUEST		POST /auth/getToken	1702892790670	1702892793734	OK	 
REQUEST		POST /elasticsearch/insertDoc	1702892793748	1702892794005	OK	 
REQUEST		POST /auth/getToken	1702892793486	1702892793749	OK	 
REQUEST		POST /elasticsearch/insertDoc	1702892793756	1702892794006	OK	 
REQUEST		POST /auth/getToken	1702892792468	1702892793784	OK	 
REQUEST		POST /elasticsearch/insertDoc	1702892793785	1702892794010	OK	 
REQUEST		POST /elasticsearch/insertDoc	1702892793749	1702892794002	OK	 
USER	getuser	END	1702892794011
USER	getuser	END	1702892794011
USER	getuser	END	1702892794011
USER	getuser	END	1702892794013
USER	getuser	END	1702892794013
REQUEST		POST /auth/getToken	1702892790655	1702892790880	OK	 
REQUEST		POST /elasticsearch/insertDoc	1702892791402	1702892794014	OK	 
USER	getuser	END	1702892794015
USER	getuser	END	1702892794015
USER	getuser	END	1702892794015
USER	getuser	START	1702892794025
REQUEST		POST /auth/getToken	1702892792484	1702892792774	OK	 
REQUEST		POST /elasticsearch/insertDoc	1702892792776	1702892794055	OK	 
USER	getuser	END	1702892794056
USER	getuser	START	1702892794071
USER	getuser	START	1702892794121
USER	getuser	START	1702892794184
REQUEST		POST /auth/getToken	1702892793730	1702892794003	OK	 
REQUEST		POST /elasticsearch/insertDoc	1702892794006	1702892794201	OK	 
REQUEST		POST /auth/getToken	1702892793696	1702892794001	OK	 
REQUEST		POST /elasticsearch/insertDoc	1702892794003	1702892794199	OK	 
USER	getuser	END	1702892794205
USER	getuser	END	1702892794205
REQUEST		POST /auth/getToken	1702892793711	1702892794015	OK	 
REQUEST		POST /elasticsearch/insertDoc	1702892794017	1702892794210	OK	 
USER	getuser	END	1702892794213
USER	getuser	START	1702892794223
REQUEST		POST /auth/getToken	1702892791248	1702892791563	OK	 
REQUEST		POST /elasticsearch/insertDoc	1702892791750	1702892794269	OK	 
REQUEST		POST /auth/getToken	1702892792753	1702892794041	OK	 
REQUEST		POST /elasticsearch/insertDoc	1702892794044	1702892794278	OK	 
REQUEST		POST /auth/getToken	1702892793835	1702892794082	OK	 
REQUEST		POST /elasticsearch/insertDoc	1702892794084	1702892794294	OK	 
USER	getuser	END	1702892794293
USER	getuser	END	1702892794293
USER	getuser	END	1702892794308
USER	getuser	START	1702892794327
USER	getuser	START	1702892794338
REQUEST		POST /auth/getToken	1702892793806	1702892794144	OK	 
REQUEST		POST /auth/getToken	1702892791269	1702892794097	OK	 
REQUEST		POST /elasticsearch/insertDoc	1702892794103	1702892794348	OK	 
REQUEST		POST /elasticsearch/insertDoc	1702892794149	1702892794348	OK	 
REQUEST		POST /auth/getToken	1702892793883	1702892794143	OK	 
REQUEST		POST /elasticsearch/insertDoc	1702892794146	1702892794362	OK	 
USER	getuser	END	1702892794357
USER	getuser	END	1702892794357
USER	getuser	END	1702892794364
USER	getuser	START	1702892794390
REQUEST		POST /auth/getToken	1702892792927	1702892793183	OK	 
REQUEST		POST /auth/getToken	1702892793937	1702892794187	OK	 
REQUEST		POST /elasticsearch/insertDoc	1702892794189	1702892794399	OK	 
REQUEST		POST /elasticsearch/insertDoc	1702892793186	1702892794399	OK	 
USER	getuser	END	1702892794400
USER	getuser	END	1702892794400
USER	getuser	START	1702892794437
REQUEST		POST /auth/getToken	1702892790393	1702892790664	OK	 
REQUEST		POST /elasticsearch/insertDoc	1702892791052	1702892794445	OK	 
USER	getuser	END	1702892794447
REQUEST		POST /auth/getToken	1702892790338	1702892790708	OK	 
REQUEST		POST /elasticsearch/insertDoc	1702892790982	1702892794454	OK	 
USER	getuser	END	1702892794456
REQUEST		POST /auth/getToken	1702892790646	1702892794274	OK	 
REQUEST		POST /elasticsearch/insertDoc	1702892794317	1702892794457	OK	 
USER	getuser	END	1702892794458
REQUEST		POST /auth/getToken	1702892794078	1702892794355	OK	 
REQUEST		POST /elasticsearch/insertDoc	1702892794356	1702892794485	OK	 
USER	getuser	END	1702892794485
USER	getuser	START	1702892794485
USER	getuser	START	1702892794542
REQUEST		POST /auth/getToken	1702892792953	1702892794399	OK	 
REQUEST		POST /elasticsearch/insertDoc	1702892794401	1702892794555	OK	 
USER	getuser	END	1702892794556
REQUEST		POST /auth/getToken	1702892791646	1702892794435	OK	 
REQUEST		POST /elasticsearch/insertDoc	1702892794437	1702892794562	OK	 
USER	getuser	END	1702892794562
REQUEST		POST /auth/getToken	1702892791414	1702892791669	OK	 
REQUEST		POST /elasticsearch/insertDoc	1702892791955	1702892794585	OK	 
USER	getuser	END	1702892794585
REQUEST		POST /auth/getToken	1702892793208	1702892794445	OK	 
REQUEST		POST /elasticsearch/insertDoc	1702892794448	1702892794587	OK	 
USER	getuser	END	1702892794587
REQUEST		POST /auth/getToken	1702892794234	1702892794462	OK	 
REQUEST		POST /elasticsearch/insertDoc	1702892794464	1702892794589	OK	 
USER	getuser	END	1702892794590
USER	getuser	START	1702892794588
REQUEST		POST /auth/getToken	1702892794206	1702892794454	OK	 
REQUEST		POST /elasticsearch/insertDoc	1702892794456	1702892794602	OK	 
USER	getuser	END	1702892794602
REQUEST		POST /auth/getToken	1702892794353	1702892794509	OK	 
USER	getuser	START	1702892794649
REQUEST		POST /elasticsearch/insertDoc	1702892794512	1702892794651	OK	 
USER	getuser	END	1702892794652
REQUEST		POST /auth/getToken	1702892794370	1702892794553	OK	 
REQUEST		POST /elasticsearch/insertDoc	1702892794555	1702892794681	OK	 
USER	getuser	END	1702892794682
USER	getuser	START	1702892794694
REQUEST		POST /auth/getToken	1702892794398	1702892794575	OK	 
REQUEST		POST /elasticsearch/insertDoc	1702892794577	1702892794699	OK	 
USER	getuser	END	1702892794701
REQUEST		POST /auth/getToken	1702892790717	1702892790933	OK	 
REQUEST		POST /elasticsearch/insertDoc	1702892791402	1702892794718	OK	 
USER	getuser	END	1702892794718
REQUEST		POST /auth/getToken	1702892785227	1702892790999	OK	 
REQUEST		POST /elasticsearch/insertDoc	1702892791392	1702892794722	OK	 
USER	getuser	END	1702892794723
REQUEST		POST /auth/getToken	1702892785225	1702892790997	OK	 
REQUEST		POST /elasticsearch/insertDoc	1702892791393	1702892794733	OK	 
USER	getuser	END	1702892794734
USER	getuser	START	1702892794741
REQUEST		POST /auth/getToken	1702892793118	1702892793425	OK	 
REQUEST		POST /elasticsearch/insertDoc	1702892793429	1702892794753	OK	 
USER	getuser	END	1702892794754
REQUEST		POST /auth/getToken	1702892792156	1702892793525	OK	 
REQUEST		POST /elasticsearch/insertDoc	1702892793531	1702892794773	OK	 
USER	getuser	END	1702892794774
USER	getuser	START	1702892794799
REQUEST		POST /auth/getToken	1702892794490	1702892794679	OK	 
REQUEST		POST /elasticsearch/insertDoc	1702892794680	1702892794817	OK	 
USER	getuser	END	1702892794817
REQUEST		POST /auth/getToken	1702892791927	1702892794710	OK	 
REQUEST		POST /elasticsearch/insertDoc	1702892794714	1702892794841	OK	 
USER	getuser	END	1702892794842
USER	getuser	START	1702892794845
REQUEST		POST /auth/getToken	1702892791905	1702892794715	OK	 
REQUEST		POST /elasticsearch/insertDoc	1702892794717	1702892794862	OK	 
USER	getuser	END	1702892794863
REQUEST		POST /auth/getToken	1702892791252	1702892794736	OK	 
REQUEST		POST /elasticsearch/insertDoc	1702892794738	1702892794886	OK	 
USER	getuser	END	1702892794886
USER	getuser	START	1702892794887
REQUEST		POST /auth/getToken	1702892794038	1702892794755	OK	 
REQUEST		POST /elasticsearch/insertDoc	1702892794757	1702892794912	OK	 
USER	getuser	END	1702892794913
REQUEST		POST /auth/getToken	1702892794597	1702892794793	OK	 
REQUEST		POST /elasticsearch/insertDoc	1702892794796	1702892794938	OK	 
USER	getuser	START	1702892794943
USER	getuser	END	1702892794943
REQUEST		POST /auth/getToken	1702892794656	1702892794822	OK	 
REQUEST		POST /elasticsearch/insertDoc	1702892794823	1702892794982	OK	 
USER	getuser	END	1702892794985
REQUEST		POST /auth/getToken	1702892792207	1702892792476	OK	 
REQUEST		POST /elasticsearch/insertDoc	1702892792726	1702892794992	OK	 
USER	getuser	END	1702892794993
USER	getuser	START	1702892794998
REQUEST		POST /auth/getToken	1702892791269	1702892791556	OK	 
REQUEST		POST /elasticsearch/insertDoc	1702892791768	1702892795021	OK	 
USER	getuser	END	1702892795022
REQUEST		POST /auth/getToken	1702892790204	1702892791556	OK	 
REQUEST		POST /elasticsearch/insertDoc	1702892791760	1702892795030	OK	 
USER	getuser	END	1702892795030
REQUEST		POST /auth/getToken	1702892794709	1702892794881	OK	 
REQUEST		POST /elasticsearch/insertDoc	1702892794883	1702892795042	OK	 
USER	getuser	END	1702892795046
USER	getuser	START	1702892795050
REQUEST		POST /auth/getToken	1702892794752	1702892794937	OK	 
REQUEST		POST /elasticsearch/insertDoc	1702892794946	1702892795074	OK	 
USER	getuser	END	1702892795076
REQUEST		POST /auth/getToken	1702892791376	1702892794921	OK	 
REQUEST		POST /elasticsearch/insertDoc	1702892794924	1702892795089	OK	 
USER	getuser	START	1702892795096
USER	getuser	END	1702892795096
USER	getuser	START	1702892795149
REQUEST		POST /auth/getToken	1702892794806	1702892794987	OK	 
REQUEST		POST /elasticsearch/insertDoc	1702892794989	1702892795168	OK	 
USER	getuser	END	1702892795168
USER	getuser	START	1702892795195
REQUEST		POST /auth/getToken	1702892794851	1702892795042	OK	 
REQUEST		POST /elasticsearch/insertDoc	1702892795046	1702892795210	OK	 
USER	getuser	END	1702892795212
REQUEST		POST /auth/getToken	1702892794898	1702892795091	OK	 
REQUEST		POST /elasticsearch/insertDoc	1702892795093	1702892795233	OK	 
USER	getuser	END	1702892795234
REQUEST		POST /auth/getToken	1702892794955	1702892795135	OK	 
REQUEST		POST /elasticsearch/insertDoc	1702892795137	1702892795286	OK	 
REQUEST		POST /auth/getToken	1702892792760	1702892794047	OK	 
REQUEST		POST /elasticsearch/insertDoc	1702892794050	1702892795288	OK	 
USER	getuser	START	1702892795325
USER	getuser	END	1702892795288
REQUEST		POST /auth/getToken	1702892795005	1702892795194	OK	 
REQUEST		POST /elasticsearch/insertDoc	1702892795195	1702892795339	OK	 
USER	getuser	END	1702892795288
REQUEST		POST /auth/getToken	1702892791538	1702892795206	OK	 
REQUEST		POST /elasticsearch/insertDoc	1702892795210	1702892795399	OK	 
USER	getuser	END	1702892795343
USER	getuser	START	1702892795315
USER	getuser	END	1702892795401
USER	getuser	START	1702892795403
USER	getuser	START	1702892795451
USER	getuser	START	1702892795451
USER	getuser	START	1702892795482
REQUEST		POST /auth/getToken	1702892795056	1702892795238	OK	 
REQUEST		POST /auth/getToken	1702892795109	1702892795338	OK	 
REQUEST		POST /elasticsearch/insertDoc	1702892795342	1702892795516	OK	 
REQUEST		POST /elasticsearch/insertDoc	1702892795324	1702892795511	OK	 
REQUEST		POST /auth/getToken	1702892793985	1702892794265	OK	 
REQUEST		POST /elasticsearch/insertDoc	1702892794315	1702892795545	OK	 
USER	getuser	END	1702892795521
USER	getuser	END	1702892795521
USER	getuser	END	1702892795547
USER	getuser	START	1702892795569
USER	getuser	START	1702892795572
REQUEST		POST /auth/getToken	1702892795160	1702892795385	OK	 
REQUEST		POST /elasticsearch/insertDoc	1702892795387	1702892795574	OK	 
REQUEST		POST /auth/getToken	1702892791799	1702892795427	OK	 
REQUEST		POST /elasticsearch/insertDoc	1702892795429	1702892795589	OK	 
REQUEST		POST /auth/getToken	1702892795204	1702892795423	OK	 
USER	getuser	END	1702892795593
USER	getuser	END	1702892795597
REQUEST		POST /elasticsearch/insertDoc	1702892795425	1702892795596	OK	 
USER	getuser	END	1702892795611
USER	getuser	START	1702892795633
REQUEST		POST /auth/getToken	1702892794133	1702892795506	OK	 
REQUEST		POST /elasticsearch/insertDoc	1702892795509	1702892795659	OK	 
USER	getuser	END	1702892795664
USER	getuser	START	1702892795687
USER	getuser	START	1702892795726
REQUEST		POST /auth/getToken	1702892795411	1702892795602	OK	 
REQUEST		POST /elasticsearch/insertDoc	1702892795614	1702892795770	OK	 
USER	getuser	END	1702892795772
REQUEST		POST /auth/getToken	1702892795346	1702892795594	OK	 
REQUEST		POST /elasticsearch/insertDoc	1702892795596	1702892795782	OK	 
REQUEST		POST /auth/getToken	1702892795435	1702892795633	OK	 
REQUEST		POST /elasticsearch/insertDoc	1702892795636	1702892795784	OK	 
USER	getuser	END	1702892795784
USER	getuser	END	1702892795784
REQUEST		POST /auth/getToken	1702892795472	1702892795646	OK	 
REQUEST		POST /elasticsearch/insertDoc	1702892795649	1702892795796	OK	 
USER	getuser	END	1702892795797
USER	getuser	START	1702892795797
REQUEST		POST /auth/getToken	1702892791998	1702892793305	OK	 
REQUEST		POST /elasticsearch/insertDoc	1702892793308	1702892795811	OK	 
USER	getuser	END	1702892795812
REQUEST		POST /auth/getToken	1702892795464	1702892795650	OK	 
REQUEST		POST /elasticsearch/insertDoc	1702892795652	1702892795826	OK	 
USER	getuser	END	1702892795826
USER	getuser	START	1702892795827
REQUEST		POST /auth/getToken	1702892795494	1702892795686	OK	 
REQUEST		POST /elasticsearch/insertDoc	1702892795688	1702892795852	OK	 
USER	getuser	END	1702892795853
REQUEST		POST /auth/getToken	1702892792157	1702892795730	OK	 
REQUEST		POST /elasticsearch/insertDoc	1702892795732	1702892795870	OK	 
USER	getuser	END	1702892795871
USER	getuser	START	1702892795875
REQUEST		POST /auth/getToken	1702892785222	1702892795750	OK	 
REQUEST		POST /elasticsearch/insertDoc	1702892795754	1702892795888	OK	 
USER	getuser	END	1702892795888
REQUEST		POST /auth/getToken	1702892794449	1702892794605	OK	 
REQUEST		POST /elasticsearch/insertDoc	1702892794606	1702892795901	OK	 
USER	getuser	END	1702892795902
REQUEST		POST /auth/getToken	1702892794549	1702892795770	OK	 
REQUEST		POST /elasticsearch/insertDoc	1702892795771	1702892795906	OK	 
USER	getuser	END	1702892795908
REQUEST		POST /auth/getToken	1702892793230	1702892794572	OK	 
REQUEST		POST /elasticsearch/insertDoc	1702892794574	1702892795914	OK	 
USER	getuser	END	1702892795915
USER	getuser	START	1702892795936
REQUEST		POST /auth/getToken	1702892795614	1702892795806	OK	 
REQUEST		POST /elasticsearch/insertDoc	1702892795810	1702892795942	OK	 
USER	getuser	END	1702892795943
USER	getuser	START	1702892795984
REQUEST		POST /auth/getToken	1702892795645	1702892795859	OK	 
REQUEST		POST /elasticsearch/insertDoc	1702892795863	1702892795995	OK	 
USER	getuser	END	1702892795996
REQUEST		POST /auth/getToken	1702892795729	1702892795888	OK	 
REQUEST		POST /elasticsearch/insertDoc	1702892795890	1702892796010	OK	 
USER	getuser	END	1702892796011
USER	getuser	START	1702892796031
REQUEST		POST /auth/getToken	1702892795735	1702892795909	OK	 
REQUEST		POST /elasticsearch/insertDoc	1702892795913	1702892796036	OK	 
USER	getuser	END	1702892796036
USER	getuser	START	1702892796078
USER	getuser	START	1702892796124
REQUEST		POST /auth/getToken	1702892795816	1702892796009	OK	 
REQUEST		POST /elasticsearch/insertDoc	1702892796012	1702892796147	OK	 
USER	getuser	END	1702892796147
REQUEST		POST /auth/getToken	1702892795834	1702892796014	OK	 
REQUEST		POST /elasticsearch/insertDoc	1702892796017	1702892796177	OK	 
USER	getuser	END	1702892796178
USER	getuser	START	1702892796184
REQUEST		POST /auth/getToken	1702892795884	1702892796063	OK	 
REQUEST		POST /elasticsearch/insertDoc	1702892796064	1702892796208	OK	 
USER	getuser	END	1702892796209
USER	getuser	START	1702892796231
REQUEST		POST /auth/getToken	1702892792511	1702892793021	OK	 
REQUEST		POST /elasticsearch/insertDoc	1702892793023	1702892796237	OK	 
USER	getuser	END	1702892796238
REQUEST		POST /auth/getToken	1702892795940	1702892796094	OK	 
REQUEST		POST /elasticsearch/insertDoc	1702892796096	1702892796254	OK	 
USER	getuser	END	1702892796255
REQUEST		POST /auth/getToken	1702892795593	1702892795798	OK	 
REQUEST		POST /elasticsearch/insertDoc	1702892795800	1702892796267	OK	 
USER	getuser	END	1702892796267
USER	getuser	START	1702892796279
USER	getuser	START	1702892796325
REQUEST		POST /auth/getToken	1702892795989	1702892796194	OK	 
REQUEST		POST /elasticsearch/insertDoc	1702892796196	1702892796382	OK	 
USER	getuser	END	1702892796382
USER	getuser	START	1702892796382
REQUEST		POST /auth/getToken	1702892796084	1702892796237	OK	 
REQUEST		POST /elasticsearch/insertDoc	1702892796239	1702892796402	OK	 
USER	getuser	END	1702892796403
REQUEST		POST /auth/getToken	1702892796038	1702892796245	OK	 
REQUEST		POST /elasticsearch/insertDoc	1702892796248	1702892796417	OK	 
USER	getuser	END	1702892796418
USER	getuser	START	1702892796434
USER	getuser	START	1702892796479
USER	getuser	START	1702892796526
USER	getuser	START	1702892796572
REQUEST		POST /auth/getToken	1702892796189	1702892796396	OK	 
REQUEST		POST /elasticsearch/insertDoc	1702892796398	1702892796581	OK	 
USER	getuser	END	1702892796582
REQUEST		POST /auth/getToken	1702892796284	1702892796443	OK	 
REQUEST		POST /elasticsearch/insertDoc	1702892796446	1702892796629	OK	 
USER	getuser	END	1702892796630
USER	getuser	START	1702892796632
REQUEST		POST /auth/getToken	1702892796330	1702892796519	OK	 
REQUEST		POST /elasticsearch/insertDoc	1702892796522	1702892796655	OK	 
USER	getuser	END	1702892796656
USER	getuser	START	1702892796678
REQUEST		POST /auth/getToken	1702892796236	1702892796531	OK	 
REQUEST		POST /elasticsearch/insertDoc	1702892796532	1702892796692	OK	 
USER	getuser	END	1702892796692
USER	getuser	START	1702892796725
USER	getuser	START	1702892796773
USER	getuser	START	1702892796834
USER	getuser	START	1702892796881
REQUEST		POST /auth/getToken	1702892796388	1702892796606	OK	 
REQUEST		POST /elasticsearch/insertDoc	1702892796608	1702892796886	OK	 
USER	getuser	END	1702892796886
USER	getuser	START	1702892796927
REQUEST		POST /auth/getToken	1702892796131	1702892796321	OK	 
REQUEST		POST /elasticsearch/insertDoc	1702892796323	1702892796938	OK	 
USER	getuser	END	1702892796938
REQUEST		POST /auth/getToken	1702892796438	1702892796682	OK	 
REQUEST		POST /elasticsearch/insertDoc	1702892796683	1702892796946	OK	 
USER	getuser	END	1702892796947
USER	getuser	START	1702892796971
REQUEST		POST /auth/getToken	1702892796533	1702892796747	OK	 
REQUEST		POST /elasticsearch/insertDoc	1702892796749	1702892796992	OK	 
USER	getuser	END	1702892796992
USER	getuser	START	1702892797034
REQUEST		POST /auth/getToken	1702892796484	1702892796928	OK	 
REQUEST		POST /elasticsearch/insertDoc	1702892796930	1702892797085	OK	 
USER	getuser	END	1702892797085
USER	getuser	START	1702892797086
REQUEST		POST /auth/getToken	1702892785220	1702892796954	OK	 
REQUEST		POST /elasticsearch/insertDoc	1702892796956	1702892797105	OK	 
USER	getuser	END	1702892797105
REQUEST		POST /auth/getToken	1702892785215	1702892796986	OK	 
REQUEST		POST /elasticsearch/insertDoc	1702892796990	1702892797128	OK	 
USER	getuser	END	1702892797129
USER	getuser	START	1702892797126
REQUEST		POST /auth/getToken	1702892796731	1702892796993	OK	 
REQUEST		POST /elasticsearch/insertDoc	1702892796997	1702892797137	OK	 
USER	getuser	END	1702892797137
REQUEST		POST /auth/getToken	1702892796686	1702892797004	OK	 
REQUEST		POST /elasticsearch/insertDoc	1702892797005	1702892797150	OK	 
USER	getuser	END	1702892797151
REQUEST		POST /auth/getToken	1702892796838	1702892797036	OK	 
REQUEST		POST /elasticsearch/insertDoc	1702892797038	1702892797166	OK	 
USER	getuser	END	1702892797166
USER	getuser	START	1702892797172
REQUEST		POST /auth/getToken	1702892796781	1702892797039	OK	 
REQUEST		POST /elasticsearch/insertDoc	1702892797042	1702892797183	OK	 
USER	getuser	END	1702892797184
REQUEST		POST /auth/getToken	1702892796885	1702892797050	OK	 
REQUEST		POST /elasticsearch/insertDoc	1702892797052	1702892797211	OK	 
USER	getuser	END	1702892797211
USER	getuser	START	1702892797232
REQUEST		POST /auth/getToken	1702892796577	1702892797082	OK	 
REQUEST		POST /elasticsearch/insertDoc	1702892797084	1702892797242	OK	 
USER	getuser	END	1702892797242
USER	getuser	START	1702892797278
REQUEST		POST /auth/getToken	1702892785207	1702892797144	OK	 
REQUEST		POST /elasticsearch/insertDoc	1702892797147	1702892797290	OK	 
USER	getuser	END	1702892797291
REQUEST		POST /auth/getToken	1702892785222	1702892797149	OK	 
REQUEST		POST /elasticsearch/insertDoc	1702892797153	1702892797292	OK	 
USER	getuser	END	1702892797293
REQUEST		POST /auth/getToken	1702892796979	1702892797154	OK	 
REQUEST		POST /elasticsearch/insertDoc	1702892797156	1702892797300	OK	 
USER	getuser	END	1702892797300
USER	getuser	START	1702892797324
REQUEST		POST /auth/getToken	1702892797045	1702892797208	OK	 
REQUEST		POST /elasticsearch/insertDoc	1702892797211	1702892797373	OK	 
USER	getuser	END	1702892797373
USER	getuser	START	1702892797371
REQUEST		POST /auth/getToken	1702892797092	1702892797259	OK	 
REQUEST		POST /elasticsearch/insertDoc	1702892797263	1702892797397	OK	 
USER	getuser	END	1702892797397
REQUEST		POST /auth/getToken	1702892796636	1702892797276	OK	 
REQUEST		POST /elasticsearch/insertDoc	1702892797281	1702892797413	OK	 
USER	getuser	END	1702892797413
USER	getuser	START	1702892797431
REQUEST		POST /auth/getToken	1702892785228	1702892797295	OK	 
REQUEST		POST /elasticsearch/insertDoc	1702892797298	1702892797436	OK	 
USER	getuser	END	1702892797436
REQUEST		POST /auth/getToken	1702892797136	1702892797311	OK	 
USER	getuser	START	1702892797477
REQUEST		POST /elasticsearch/insertDoc	1702892797313	1702892797482	OK	 
USER	getuser	END	1702892797482
REQUEST		POST /auth/getToken	1702892797183	1702892797379	OK	 
REQUEST		POST /elasticsearch/insertDoc	1702892797381	1702892797516	OK	 
USER	getuser	END	1702892797516
USER	getuser	START	1702892797523
REQUEST		POST /auth/getToken	1702892797237	1702892797436	OK	 
REQUEST		POST /elasticsearch/insertDoc	1702892797438	1702892797571	OK	 
USER	getuser	END	1702892797571
USER	getuser	START	1702892797569
REQUEST		POST /auth/getToken	1702892797289	1702892797474	OK	 
REQUEST		POST /elasticsearch/insertDoc	1702892797476	1702892797630	OK	 
USER	getuser	END	1702892797630
USER	getuser	START	1702892797632
USER	getuser	START	1702892797680
REQUEST		POST /auth/getToken	1702892797380	1702892797565	OK	 
REQUEST		POST /elasticsearch/insertDoc	1702892797566	1702892797711	OK	 
USER	getuser	END	1702892797711
REQUEST		POST /auth/getToken	1702892796934	1702892797579	OK	 
REQUEST		POST /elasticsearch/insertDoc	1702892797580	1702892797715	OK	 
USER	getuser	END	1702892797715
USER	getuser	START	1702892797725
REQUEST		POST /auth/getToken	1702892797439	1702892797613	OK	 
REQUEST		POST /elasticsearch/insertDoc	1702892797614	1702892797771	OK	 
USER	getuser	END	1702892797772
USER	getuser	START	1702892797771
REQUEST		POST /auth/getToken	1702892797486	1702892797639	OK	 
REQUEST		POST /elasticsearch/insertDoc	1702892797645	1702892797801	OK	 
USER	getuser	END	1702892797801
USER	getuser	START	1702892797831
USER	getuser	START	1702892797875
REQUEST		POST /auth/getToken	1702892797532	1702892797736	OK	 
REQUEST		POST /elasticsearch/insertDoc	1702892797738	1702892797889	OK	 
USER	getuser	END	1702892797890
USER	getuser	START	1702892797922
REQUEST		POST /auth/getToken	1702892797638	1702892797812	OK	 
REQUEST		POST /elasticsearch/insertDoc	1702892797814	1702892797936	OK	 
USER	getuser	END	1702892797936
USER	getuser	START	1702892797984
REQUEST		POST /auth/getToken	1702892797332	1702892797489	OK	 
REQUEST		POST /elasticsearch/insertDoc	1702892797490	1702892797990	OK	 
USER	getuser	END	1702892797990
REQUEST		POST /auth/getToken	1702892797688	1702892797875	OK	 
REQUEST		POST /elasticsearch/insertDoc	1702892797878	1702892798022	OK	 
USER	getuser	END	1702892798022
USER	getuser	START	1702892798029
REQUEST		POST /auth/getToken	1702892797736	1702892797902	OK	 
REQUEST		POST /elasticsearch/insertDoc	1702892797904	1702892798054	OK	 
USER	getuser	END	1702892798054
USER	getuser	START	1702892798079
REQUEST		POST /auth/getToken	1702892797783	1702892797934	OK	 
REQUEST		POST /elasticsearch/insertDoc	1702892797936	1702892798109	OK	 
USER	getuser	END	1702892798111
USER	getuser	START	1702892798121
USER	getuser	START	1702892798183
REQUEST		POST /auth/getToken	1702892797837	1702892798028	OK	 
REQUEST		POST /elasticsearch/insertDoc	1702892798029	1702892798211	OK	 
USER	getuser	END	1702892798211
USER	getuser	START	1702892798229
REQUEST		POST /auth/getToken	1702892797890	1702892798109	OK	 
REQUEST		POST /elasticsearch/insertDoc	1702892798112	1702892798269	OK	 
USER	getuser	END	1702892798269
USER	getuser	START	1702892798276
REQUEST		POST /auth/getToken	1702892797932	1702892798109	OK	 
REQUEST		POST /elasticsearch/insertDoc	1702892798113	1702892798293	OK	 
USER	getuser	END	1702892798294
USER	getuser	START	1702892798321
REQUEST		POST /auth/getToken	1702892797991	1702892798183	OK	 
REQUEST		POST /elasticsearch/insertDoc	1702892798184	1702892798362	OK	 
USER	getuser	END	1702892798361
USER	getuser	START	1702892798367
REQUEST		POST /auth/getToken	1702892798036	1702892798253	OK	 
REQUEST		POST /elasticsearch/insertDoc	1702892798254	1702892798384	OK	 
USER	getuser	END	1702892798384
USER	getuser	START	1702892798428
REQUEST		POST /auth/getToken	1702892790112	1702892790375	OK	 
REQUEST		POST /auth/getToken	1702892798085	1702892798293	OK	 
REQUEST		POST /elasticsearch/insertDoc	1702892791116	1702892798454	OK	 
REQUEST		POST /elasticsearch/insertDoc	1702892798297	1702892798455	OK	 
USER	getuser	END	1702892798455
USER	getuser	END	1702892798455
USER	getuser	START	1702892798474
USER	getuser	START	1702892798519
REQUEST		POST /auth/getToken	1702892798128	1702892798362	OK	 
REQUEST		POST /elasticsearch/insertDoc	1702892798363	1702892798525	OK	 
USER	getuser	END	1702892798526
REQUEST		POST /auth/getToken	1702892798188	1702892798390	OK	 
REQUEST		POST /elasticsearch/insertDoc	1702892798392	1702892798562	OK	 
USER	getuser	END	1702892798563
USER	getuser	START	1702892798582
REQUEST		POST /auth/getToken	1702892798233	1702892798424	OK	 
REQUEST		POST /elasticsearch/insertDoc	1702892798426	1702892798608	OK	 
USER	getuser	END	1702892798609
USER	getuser	START	1702892798628
USER	getuser	START	1702892798674
REQUEST		POST /auth/getToken	1702892789991	1702892790236	OK	 
REQUEST		POST /elasticsearch/insertDoc	1702892791243	1702892798694	OK	 
USER	getuser	END	1702892798695
USER	getuser	START	1702892798719
REQUEST		POST /auth/getToken	1702892798326	1702892798558	OK	 
REQUEST		POST /elasticsearch/insertDoc	1702892798560	1702892798748	OK	 
USER	getuser	END	1702892798749
USER	getuser	START	1702892798780
USER	getuser	START	1702892798826
REQUEST		POST /auth/getToken	1702892798433	1702892798634	OK	 
REQUEST		POST /elasticsearch/insertDoc	1702892798636	1702892798842	OK	 
USER	getuser	END	1702892798844
REQUEST		POST /auth/getToken	1702892798373	1702892798592	OK	 
REQUEST		POST /elasticsearch/insertDoc	1702892798604	1702892798849	OK	 
USER	getuser	END	1702892798850
USER	getuser	START	1702892798871
USER	getuser	START	1702892798932
REQUEST		POST /auth/getToken	1702892798528	1702892798721	OK	 
REQUEST		POST /elasticsearch/insertDoc	1702892798723	1702892798959	OK	 
USER	getuser	END	1702892798960
USER	getuser	START	1702892798977
REQUEST		POST /auth/getToken	1702892797578	1702892798809	OK	 
REQUEST		POST /elasticsearch/insertDoc	1702892798811	1702892798984	OK	 
USER	getuser	END	1702892798984
REQUEST		POST /auth/getToken	1702892798632	1702892798849	OK	 
REQUEST		POST /elasticsearch/insertDoc	1702892798851	1702892798993	OK	 
USER	getuser	END	1702892798994
REQUEST		POST /auth/getToken	1702892798586	1702892798831	OK	 
REQUEST		POST /elasticsearch/insertDoc	1702892798832	1702892798994	OK	 
USER	getuser	END	1702892798995
USER	getuser	START	1702892799024
REQUEST		POST /auth/getToken	1702892798682	1702892798912	OK	 
REQUEST		POST /elasticsearch/insertDoc	1702892798913	1702892799061	OK	 
USER	getuser	END	1702892799062
USER	getuser	START	1702892799070
USER	getuser	START	1702892799130
REQUEST		POST /auth/getToken	1702892798726	1702892798996	OK	 
REQUEST		POST /elasticsearch/insertDoc	1702892798998	1702892799143	OK	 
USER	getuser	END	1702892799144
REQUEST		POST /auth/getToken	1702892798785	1702892799014	OK	 
REQUEST		POST /elasticsearch/insertDoc	1702892799015	1702892799164	OK	 
USER	getuser	END	1702892799164
USER	getuser	START	1702892799176
REQUEST		POST /auth/getToken	1702892798830	1702892799047	OK	 
REQUEST		POST /elasticsearch/insertDoc	1702892799048	1702892799181	OK	 
USER	getuser	END	1702892799183
REQUEST		POST /auth/getToken	1702892798879	1702892799057	OK	 
REQUEST		POST /elasticsearch/insertDoc	1702892799059	1702892799207	OK	 
USER	getuser	END	1702892799208
USER	getuser	START	1702892799221
REQUEST		POST /auth/getToken	1702892798937	1702892799099	OK	 
REQUEST		POST /elasticsearch/insertDoc	1702892799101	1702892799250	OK	 
USER	getuser	END	1702892799255
USER	getuser	START	1702892799283
USER	getuser	START	1702892799318
REQUEST		POST /auth/getToken	1702892798982	1702892799181	OK	 
REQUEST		POST /elasticsearch/insertDoc	1702892799183	1702892799341	OK	 
USER	getuser	END	1702892799341
USER	getuser	START	1702892799377
REQUEST		POST /auth/getToken	1702892799032	1702892799255	OK	 
REQUEST		POST /auth/getToken	1702892799083	1702892799250	OK	 
REQUEST		POST /elasticsearch/insertDoc	1702892799257	1702892799408	OK	 
REQUEST		POST /elasticsearch/insertDoc	1702892799254	1702892799408	OK	 
USER	getuser	START	1702892799421
USER	getuser	END	1702892799410
USER	getuser	END	1702892799410
USER	getuser	START	1702892799494
USER	getuser	START	1702892799524
REQUEST		POST /auth/getToken	1702892799184	1702892799368	OK	 
REQUEST		POST /auth/getToken	1702892799136	1702892799367	OK	 
REQUEST		POST /elasticsearch/insertDoc	1702892799369	1702892799546	OK	 
REQUEST		POST /elasticsearch/insertDoc	1702892799370	1702892799546	OK	 
USER	getuser	END	1702892799552
USER	getuser	END	1702892799552
REQUEST		POST /auth/getToken	1702892799231	1702892799382	OK	 
REQUEST		POST /elasticsearch/insertDoc	1702892799383	1702892799558	OK	 
USER	getuser	START	1702892799570
USER	getuser	END	1702892799561
USER	getuser	START	1702892799630
REQUEST		POST /auth/getToken	1702892798283	1702892798488	OK	 
REQUEST		POST /elasticsearch/insertDoc	1702892798491	1702892799662	OK	 
USER	getuser	END	1702892799663
REQUEST		POST /auth/getToken	1702892799290	1702892799508	OK	 
REQUEST		POST /elasticsearch/insertDoc	1702892799509	1702892799677	OK	 
USER	getuser	END	1702892799679
USER	getuser	START	1702892799679
REQUEST		POST /auth/getToken	1702892799324	1702892799546	OK	 
REQUEST		POST /auth/getToken	1702892799383	1702892799570	OK	 
USER	getuser	START	1702892799765
REQUEST		POST /elasticsearch/insertDoc	1702892799573	1702892799733	OK	 
USER	getuser	END	1702892799824
USER	getuser	START	1702892799824
USER	getuser	START	1702892799826
REQUEST		POST /auth/getToken	1702892799503	1702892799691	OK	 
REQUEST		POST /elasticsearch/insertDoc	1702892799548	1702892799733	OK	 
USER	getuser	END	1702892799864
USER	getuser	START	1702892799874
REQUEST		POST /auth/getToken	1702892799530	1702892799707	OK	 
REQUEST		POST /elasticsearch/insertDoc	1702892799693	1702892799835	OK	 
USER	getuser	END	1702892799911
REQUEST		POST /elasticsearch/insertDoc	1702892799711	1702892799886	OK	 
USER	getuser	START	1702892799923
USER	getuser	END	1702892799923
REQUEST		POST /auth/getToken	1702892799582	1702892799766	OK	 
REQUEST		POST /elasticsearch/insertDoc	1702892799804	1702892799947	OK	 
USER	getuser	END	1702892799948
REQUEST		POST /auth/getToken	1702892798484	1702892799721	OK	 
USER	getuser	START	1702892800001
REQUEST		POST /auth/getToken	1702892799472	1702892799722	OK	 
REQUEST		POST /elasticsearch/insertDoc	1702892799864	1702892800006	OK	 
REQUEST		POST /elasticsearch/insertDoc	1702892799804	1702892799962	OK	 
USER	getuser	END	1702892800018
USER	getuser	END	1702892800018
REQUEST		POST /auth/getToken	1702892799636	1702892799844	OK	 
USER	getuser	START	1702892800034
REQUEST		POST /elasticsearch/insertDoc	1702892799864	1702892800021	OK	 
USER	getuser	END	1702892800049
REQUEST		POST /auth/getToken	1702892799685	1702892799907	OK	 
REQUEST		POST /elasticsearch/insertDoc	1702892799913	1702892800066	OK	 
USER	getuser	END	1702892800067
USER	getuser	START	1702892800081
USER	getuser	START	1702892800126
USER	getuser	START	1702892800169
REQUEST		POST /auth/getToken	1702892799804	1702892799992	OK	 
REQUEST		POST /elasticsearch/insertDoc	1702892800019	1702892800171	OK	 
USER	getuser	END	1702892800174
USER	getuser	START	1702892800218
REQUEST		POST /auth/getToken	1702892799913	1702892800097	OK	 
REQUEST		POST /elasticsearch/insertDoc	1702892800100	1702892800248	OK	 
USER	getuser	END	1702892800249
REQUEST		POST /auth/getToken	1702892799915	1702892800108	OK	 
REQUEST		POST /elasticsearch/insertDoc	1702892800111	1702892800250	OK	 
USER	getuser	END	1702892800251
USER	getuser	START	1702892800278
REQUEST		POST /auth/getToken	1702892799941	1702892800141	OK	 
REQUEST		POST /elasticsearch/insertDoc	1702892800145	1702892800293	OK	 
USER	getuser	END	1702892800294
USER	getuser	START	1702892800323
USER	getuser	START	1702892800369
REQUEST		POST /auth/getToken	1702892800021	1702892800206	OK	 
REQUEST		POST /elasticsearch/insertDoc	1702892800210	1702892800377	OK	 
USER	getuser	END	1702892800378
REQUEST		POST /auth/getToken	1702892800087	1702892800262	OK	 
REQUEST		POST /elasticsearch/insertDoc	1702892800264	1702892800415	OK	 
USER	getuser	END	1702892800416
USER	getuser	START	1702892800430
USER	getuser	START	1702892800474
REQUEST		POST /auth/getToken	1702892800178	1702892800363	OK	 
REQUEST		POST /elasticsearch/insertDoc	1702892800365	1702892800493	OK	 
USER	getuser	END	1702892800494
USER	getuser	START	1702892800520
REQUEST		POST /auth/getToken	1702892800223	1702892800400	OK	 
REQUEST		POST /elasticsearch/insertDoc	1702892800402	1702892800534	OK	 
USER	getuser	END	1702892800534
USER	getuser	START	1702892800582
REQUEST		POST /auth/getToken	1702892800331	1702892800486	OK	 
REQUEST		POST /elasticsearch/insertDoc	1702892800487	1702892800621	OK	 
USER	getuser	END	1702892800622
USER	getuser	START	1702892800629
USER	getuser	START	1702892800677
REQUEST		POST /auth/getToken	1702892800375	1702892800559	OK	 
REQUEST		POST /elasticsearch/insertDoc	1702892800561	1702892800712	OK	 
USER	getuser	END	1702892800713
USER	getuser	START	1702892800722
REQUEST		POST /auth/getToken	1702892800435	1702892800609	OK	 
REQUEST		POST /elasticsearch/insertDoc	1702892800611	1702892800761	OK	 
USER	getuser	END	1702892800763
REQUEST		POST /auth/getToken	1702892800132	1702892800290	OK	 
REQUEST		POST /elasticsearch/insertDoc	1702892800294	1702892800765	OK	 
USER	getuser	END	1702892800765
USER	getuser	START	1702892800768
REQUEST		POST /auth/getToken	1702892800482	1702892800626	OK	 
REQUEST		POST /elasticsearch/insertDoc	1702892800627	1702892800785	OK	 
USER	getuser	END	1702892800786
REQUEST		POST /auth/getToken	1702892785216	1702892800656	OK	 
REQUEST		POST /elasticsearch/insertDoc	1702892800663	1702892800821	OK	 
USER	getuser	END	1702892800822
USER	getuser	START	1702892800829
USER	getuser	START	1702892800876
REQUEST		POST /auth/getToken	1702892800526	1702892800717	OK	 
REQUEST		POST /auth/getToken	1702892785222	1702892800721	OK	 
REQUEST		